#
# A fatal error has been detected by the Java Runtime Environment:
#
#  EXCEPTION_ACCESS_VIOLATION (0xc0000005) at pc=0x00007ffc83b2c817, pid=21612, tid=13752
#
# JRE version: Java(TM) SE Runtime Environment (21.0.1+12) (build 21.0.1+12-LTS-29)
# Java VM: Java HotSpot(TM) 64-Bit Server VM (21.0.1+12-LTS-29, mixed mode, sharing, tiered, compressed oops, compressed class ptrs, g1 gc, windows-amd64)
# Problematic frame:
# C  [lwjgl_opengl.dll+0xc817]
#
# No core dump will be written. Minidumps are not enabled by default on client versions of Windows
#
# If you would like to submit a bug report, please visit:
#   https://bugreport.java.com/bugreport/crash.jsp
# The crash happened outside the Java Virtual Machine in native code.
# See problematic frame for where to report the bug.
#

---------------  S U M M A R Y ------------

Command Line: -Dfile.encoding=windows-1252 -Duser.country=US -Duser.language=en -Duser.variant org.main.Main

Host: AMD Ryzen 5 3600X 6-Core Processor             , 12 cores, 39G,  Windows 11 , 64 bit Build 22621 (10.0.22621.3374)
Time: Tue Apr 16 17:21:49 2024 Pacific Daylight Time elapsed time: 0.275145 seconds (0d 0h 0m 0s)

---------------  T H R E A D  ---------------

Current thread (0x000001f30f53eee0):  JavaThread "Minecraft"        [_thread_in_native, id=13752, stack(0x000000b78d500000,0x000000b78d600000) (1024K)]

Stack: [0x000000b78d500000,0x000000b78d600000],  sp=0x000000b78d5fede8,  free space=1019k
Native frames: (J=compiled Java code, j=interpreted, Vv=VM code, C=native code)
C  [lwjgl_opengl.dll+0xc817]

Java frames: (J=compiled Java code, j=interpreted, Vv=VM code)
j  org.lwjgl.opengl.GL11C.glGetError()I+0
j  org.lwjgl.opengl.GL11.glGetError()I+0
j  org.newdawn.slick.opengl.renderer.ImmediateModeOGLRenderer.glGetError()V+0
j  org.newdawn.slick.opengl.InternalTextureLoader.getTexture(Ljava/io/InputStream;Ljava/lang/String;ZI[I)Lorg/newdawn/slick/opengl/TextureImpl;+202
j  org.newdawn.slick.opengl.InternalTextureLoader.getTexture(Ljava/io/InputStream;Ljava/lang/String;ZI)Lorg/newdawn/slick/opengl/Texture;+7
j  org.newdawn.slick.opengl.TextureLoader.getTexture(Ljava/lang/String;Ljava/io/InputStream;ZI)Lorg/newdawn/slick/opengl/Texture;+32
j  org.newdawn.slick.opengl.TextureLoader.getTexture(Ljava/lang/String;Ljava/io/InputStream;I)Lorg/newdawn/slick/opengl/Texture;+4
j  org.resources.ResourceTexture.<init>(Ljava/lang/String;)V+38
j  org.graphics.Renderer.<init>(Lorg/primal/engine/io/Window;Lorg/primal/engine/graphics/Shader;)V+21
j  org.main.CircuitVerse.Init()V+67
j  org.main.CircuitVerse.run()V+1
j  java.lang.Thread.runWith(Ljava/lang/Object;Ljava/lang/Runnable;)V+5 java.base@21.0.1
j  java.lang.Thread.run()V+19 java.base@21.0.1
v  ~StubRoutines::call_stub 0x000001f377d2100d

siginfo: EXCEPTION_ACCESS_VIOLATION (0xc0000005), reading address 0x0000000000000310


Registers:
RAX=0x000001f30fa9d750, RBX=0x000001f351531e38, RCX=0x0000000000000000, RDX=0x000000b78d5fee68
RSP=0x000000b78d5fede8, RBP=0x000000b78d5fee58, RSI=0x000001f35101c680, RDI=0x0000000000000158
R8 =0x0000000000000004, R9 =0x0000000000000004, R10=0x000001f377d2cddc, R11=0x00000005a81e92f0
R12=0x0000000000000000, R13=0x000001f351531e30, R14=0x000000b78d5fee70, R15=0x000001f30f53eee0
RIP=0x00007ffc83b2c817, EFLAGS=0x0000000000010206


Register to memory mapping:

RAX=0x000001f30fa9d750 points into unknown readable memory: 0x0000000000000000 | 00 00 00 00 00 00 00 00
RBX={method} {0x000001f351531e40} 'glGetError' '()I' in 'org/lwjgl/opengl/GL11C'
RCX=0x0 is null
RDX=0x000000b78d5fee68 is pointing into the stack for thread: 0x000001f30f53eee0
RSP=0x000000b78d5fede8 is pointing into the stack for thread: 0x000001f30f53eee0
RBP=0x000000b78d5fee58 is pointing into the stack for thread: 0x000001f30f53eee0
RSI=0x000001f35101c680 is pointing into metadata
RDI=0x0000000000000158 is an unknown value
R8 =0x0000000000000004 is an unknown value
R9 =0x0000000000000004 is an unknown value
R10=0x000001f377d2cddc is at code_begin+1020 in an Interpreter codelet
native method entry point (kind = native)  [0x000001f377d2c9e0, 0x000001f377d2d508]  2856 bytes
R11=0x00000005a81e92f0 is an oop: java.lang.Class 
{0x00000005a81e92f0} - klass: 'java/lang/Class'
 - ---- fields (total size 116 words):
 - private volatile transient 'classRedefinedCount' 'I' @12  0 (0x00000000)
 - injected 'klass' 'J' @16  2143473974280 (0x000001f311013c08)
 - injected 'array_klass' 'J' @24  0 (0x0000000000000000)
 - injected 'oop_size' 'I' @32  116 (0x00000074)
 - injected 'static_oop_field_count' 'I' @36  0 (0x00000000)
 - private volatile transient 'cachedConstructor' 'Ljava/lang/reflect/Constructor;' @40  null (0x00000000)
 - private transient 'name' 'Ljava/lang/String;' @44  "org.lwjgl.opengl.GL11C"{0x00000005a81e9690} (0xb503d2d2)
 - private transient 'module' 'Ljava/lang/Module;' @48  a 'java/lang/Module'{0x00000005a8884c88} (0xb5110991)
 - private final 'classLoader' 'Ljava/lang/ClassLoader;' @52  a 'jdk/internal/loader/ClassLoaders$AppClassLoader'{0x00000005a8884ac8} (0xb5110959)
 - private transient 'classData' 'Ljava/lang/Object;' @56  null (0x00000000)
 - private transient 'packageName' 'Ljava/lang/String;' @60  "org.lwjgl.opengl"{0x00000005a8e474f8} (0xb51c8e9f)
 - private final 'componentType' 'Ljava/lang/Class;' @64  null (0x00000000)
 - private volatile transient 'reflectionData' 'Ljava/lang/ref/SoftReference;' @68  null (0x00000000)
 - private volatile transient 'genericInfo' 'Lsun/reflect/generics/repository/ClassRepository;' @72  null (0x00000000)
 - private volatile transient 'enumConstants' '[Ljava/lang/Object;' @76  null (0x00000000)
 - private volatile transient 'enumConstantDirectory' 'Ljava/util/Map;' @80  null (0x00000000)
 - private volatile transient 'annotationData' 'Ljava/lang/Class$AnnotationData;' @84  null (0x00000000)
 - private volatile transient 'annotationType' 'Lsun/reflect/annotation/AnnotationType;' @88  null (0x00000000)
 - transient 'classValueMap' 'Ljava/lang/ClassValue$ClassValueMap;' @92  null (0x00000000)
 - injected 'protection_domain' 'Ljava/lang/Object;' @96  a 'java/security/ProtectionDomain'{0x00000005a8e5ac08} (0xb51cb581)
 - injected 'signers_name' 'Ljava/lang/Object;' @100  null (0x00000000)
 - injected 'source_file' 'Ljava/lang/Object;' @104  null (0x00000000)
 - signature: Lorg/lwjgl/opengl/GL11C;
 - ---- static fields (0):
 - public static final 'GL_NEVER' 'I' @112  512 (0x00000200)
 - public static final 'GL_LESS' 'I' @116  513 (0x00000201)
 - public static final 'GL_EQUAL' 'I' @120  514 (0x00000202)
 - public static final 'GL_LEQUAL' 'I' @124  515 (0x00000203)
 - public static final 'GL_GREATER' 'I' @128  516 (0x00000204)
 - public static final 'GL_NOTEQUAL' 'I' @132  517 (0x00000205)
 - public static final 'GL_GEQUAL' 'I' @136  518 (0x00000206)
 - public static final 'GL_ALWAYS' 'I' @140  519 (0x00000207)
 - public static final 'GL_DEPTH_BUFFER_BIT' 'I' @144  256 (0x00000100)
 - public static final 'GL_STENCIL_BUFFER_BIT' 'I' @148  1024 (0x00000400)
 - public static final 'GL_COLOR_BUFFER_BIT' 'I' @152  16384 (0x00004000)
 - public static final 'GL_POINTS' 'I' @156  0 (0x00000000)
 - public static final 'GL_LINES' 'I' @160  1 (0x00000001)
 - public static final 'GL_LINE_LOOP' 'I' @164  2 (0x00000002)
 - public static final 'GL_LINE_STRIP' 'I' @168  3 (0x00000003)
 - public static final 'GL_TRIANGLES' 'I' @172  4 (0x00000004)
 - public static final 'GL_TRIANGLE_STRIP' 'I' @176  5 (0x00000005)
 - public static final 'GL_TRIANGLE_FAN' 'I' @180  6 (0x00000006)
 - public static final 'GL_QUADS' 'I' @184  7 (0x00000007)
 - public static final 'GL_ZERO' 'I' @188  0 (0x00000000)
 - public static final 'GL_ONE' 'I' @192  1 (0x00000001)
 - public static final 'GL_SRC_COLOR' 'I' @196  768 (0x00000300)
 - public static final 'GL_ONE_MINUS_SRC_COLOR' 'I' @200  769 (0x00000301)
 - public static final 'GL_SRC_ALPHA' 'I' @204  770 (0x00000302)
 - public static final 'GL_ONE_MINUS_SRC_ALPHA' 'I' @208  771 (0x00000303)
 - public static final 'GL_DST_ALPHA' 'I' @212  772 (0x00000304)
 - public static final 'GL_ONE_MINUS_DST_ALPHA' 'I' @216  773 (0x00000305)
 - public static final 'GL_DST_COLOR' 'I' @220  774 (0x00000306)
 - public static final 'GL_ONE_MINUS_DST_COLOR' 'I' @224  775 (0x00000307)
 - public static final 'GL_SRC_ALPHA_SATURATE' 'I' @228  776 (0x00000308)
 - public static final 'GL_TRUE' 'I' @232  1 (0x00000001)
 - public static final 'GL_FALSE' 'I' @236  0 (0x00000000)
 - public static final 'GL_BYTE' 'I' @240  5120 (0x00001400)
 - public static final 'GL_UNSIGNED_BYTE' 'I' @244  5121 (0x00001401)
 - public static final 'GL_SHORT' 'I' @248  5122 (0x00001402)
 - public static final 'GL_UNSIGNED_SHORT' 'I' @252  5123 (0x00001403)
 - public static final 'GL_INT' 'I' @256  5124 (0x00001404)
 - public static final 'GL_UNSIGNED_INT' 'I' @260  5125 (0x00001405)
 - public static final 'GL_FLOAT' 'I' @264  5126 (0x00001406)
 - public static final 'GL_DOUBLE' 'I' @268  5130 (0x0000140a)
 - public static final 'GL_NONE' 'I' @272  0 (0x00000000)
 - public static final 'GL_FRONT_LEFT' 'I' @276  1024 (0x00000400)
 - public static final 'GL_FRONT_RIGHT' 'I' @280  1025 (0x00000401)
 - public static final 'GL_BACK_LEFT' 'I' @284  1026 (0x00000402)
 - public static final 'GL_BACK_RIGHT' 'I' @288  1027 (0x00000403)
 - public static final 'GL_FRONT' 'I' @292  1028 (0x00000404)
 - public static final 'GL_BACK' 'I' @296  1029 (0x00000405)
 - public static final 'GL_LEFT' 'I' @300  1030 (0x00000406)
 - public static final 'GL_RIGHT' 'I' @304  1031 (0x00000407)
 - public static final 'GL_FRONT_AND_BACK' 'I' @308  1032 (0x00000408)
 - public static final 'GL_NO_ERROR' 'I' @312  0 (0x00000000)
 - public static final 'GL_INVALID_ENUM' 'I' @316  1280 (0x00000500)
 - public static final 'GL_INVALID_VALUE' 'I' @320  1281 (0x00000501)
 - public static final 'GL_INVALID_OPERATION' 'I' @324  1282 (0x00000502)
 - public static final 'GL_STACK_OVERFLOW' 'I' @328  1283 (0x00000503)
 - public static final 'GL_STACK_UNDERFLOW' 'I' @332  1284 (0x00000504)
 - public static final 'GL_OUT_OF_MEMORY' 'I' @336  1285 (0x00000505)
 - public static final 'GL_CW' 'I' @340  2304 (0x00000900)
 - public static final 'GL_CCW' 'I' @344  2305 (0x00000901)
 - public static final 'GL_POINT_SIZE' 'I' @348  2833 (0x00000b11)
 - public static final 'GL_POINT_SIZE_RANGE' 'I' @352  2834 (0x00000b12)
 - public static final 'GL_POINT_SIZE_GRANULARITY' 'I' @356  2835 (0x00000b13)
 - public static final 'GL_LINE_SMOOTH' 'I' @360  2848 (0x00000b20)
 - public static final 'GL_LINE_WIDTH' 'I' @364  2849 (0x00000b21)
 - public static final 'GL_LINE_WIDTH_RANGE' 'I' @368  2850 (0x00000b22)
 - public static final 'GL_LINE_WIDTH_GRANULARITY' 'I' @372  2851 (0x00000b23)
 - public static final 'GL_POLYGON_MODE' 'I' @376  2880 (0x00000b40)
 - public static final 'GL_POLYGON_SMOOTH' 'I' @380  2881 (0x00000b41)
 - public static final 'GL_CULL_FACE' 'I' @384  2884 (0x00000b44)
 - public static final 'GL_CULL_FACE_MODE' 'I' @388  2885 (0x00000b45)
 - public static final 'GL_FRONT_FACE' 'I' @392  2886 (0x00000b46)
 - public static final 'GL_DEPTH_RANGE' 'I' @396  2928 (0x00000b70)
 - public static final 'GL_DEPTH_TEST' 'I' @400  2929 (0x00000b71)
 - public static final 'GL_DEPTH_WRITEMASK' 'I' @404  2930 (0x00000b72)
 - public static final 'GL_DEPTH_CLEAR_VALUE' 'I' @408  2931 (0x00000b73)
 - public static final 'GL_DEPTH_FUNC' 'I' @412  2932 (0x00000b74)
 - public static final 'GL_STENCIL_TEST' 'I' @416  2960 (0x00000b90)
 - public static final 'GL_STENCIL_CLEAR_VALUE' 'I' @420  2961 (0x00000b91)
 - public static final 'GL_STENCIL_FUNC' 'I' @424  2962 (0x00000b92)
 - public static final 'GL_STENCIL_VALUE_MASK' 'I' @428  2963 (0x00000b93)
 - public static final 'GL_STENCIL_FAIL' 'I' @432  2964 (0x00000b94)
 - public static final 'GL_STENCIL_PASS_DEPTH_FAIL' 'I' @436  2965 (0x00000b95)
 - public static final 'GL_STENCIL_PASS_DEPTH_PASS' 'I' @440  2966 (0x00000b96)
 - public static final 'GL_STENCIL_REF' 'I' @444  2967 (0x00000b97)
 - public static final 'GL_STENCIL_WRITEMASK' 'I' @448  2968 (0x00000b98)
 - public static final 'GL_VIEWPORT' 'I' @452  2978 (0x00000ba2)
 - public static final 'GL_DITHER' 'I' @456  3024 (0x00000bd0)
 - public static final 'GL_BLEND_DST' 'I' @460  3040 (0x00000be0)
 - public static final 'GL_BLEND_SRC' 'I' @464  3041 (0x00000be1)
 - public static final 'GL_BLEND' 'I' @468  3042 (0x00000be2)
 - public static final 'GL_LOGIC_OP_MODE' 'I' @472  3056 (0x00000bf0)
 - public static final 'GL_COLOR_LOGIC_OP' 'I' @476  3058 (0x00000bf2)
 - public static final 'GL_DRAW_BUFFER' 'I' @480  3073 (0x00000c01)
 - public static final 'GL_READ_BUFFER' 'I' @484  3074 (0x00000c02)
 - public static final 'GL_SCISSOR_BOX' 'I' @488  3088 (0x00000c10)
 - public static final 'GL_SCISSOR_TEST' 'I' @492  3089 (0x00000c11)
 - public static final 'GL_COLOR_CLEAR_VALUE' 'I' @496  3106 (0x00000c22)
 - public static final 'GL_COLOR_WRITEMASK' 'I' @500  3107 (0x00000c23)
 - public static final 'GL_DOUBLEBUFFER' 'I' @504  3122 (0x00000c32)
 - public static final 'GL_STEREO' 'I' @508  3123 (0x00000c33)
 - public static final 'GL_LINE_SMOOTH_HINT' 'I' @512  3154 (0x00000c52)
 - public static final 'GL_POLYGON_SMOOTH_HINT' 'I' @516  3155 (0x00000c53)
 - public static final 'GL_UNPACK_SWAP_BYTES' 'I' @520  3312 (0x00000cf0)
 - public static final 'GL_UNPACK_LSB_FIRST' 'I' @524  3313 (0x00000cf1)
 - public static final 'GL_UNPACK_ROW_LENGTH' 'I' @528  3314 (0x00000cf2)
 - public static final 'GL_UNPACK_SKIP_ROWS' 'I' @532  3315 (0x00000cf3)
 - public static final 'GL_UNPACK_SKIP_PIXELS' 'I' @536  3316 (0x00000cf4)
 - public static final 'GL_UNPACK_ALIGNMENT' 'I' @540  3317 (0x00000cf5)
 - public static final 'GL_PACK_SWAP_BYTES' 'I' @544  3328 (0x00000d00)
 - public static final 'GL_PACK_LSB_FIRST' 'I' @548  3329 (0x00000d01)
 - public static final 'GL_PACK_ROW_LENGTH' 'I' @552  3330 (0x00000d02)
 - public static final 'GL_PACK_SKIP_ROWS' 'I' @556  3331 (0x00000d03)
 - public static final 'GL_PACK_SKIP_PIXELS' 'I' @560  3332 (0x00000d04)
 - public static final 'GL_PACK_ALIGNMENT' 'I' @564  3333 (0x00000d05)
 - public static final 'GL_MAX_TEXTURE_SIZE' 'I' @568  3379 (0x00000d33)
 - public static final 'GL_MAX_VIEWPORT_DIMS' 'I' @572  3386 (0x00000d3a)
 - public static final 'GL_SUBPIXEL_BITS' 'I' @576  3408 (0x00000d50)
 - public static final 'GL_TEXTURE_1D' 'I' @580  3552 (0x00000de0)
 - public static final 'GL_TEXTURE_2D' 'I' @584  3553 (0x00000de1)
 - public static final 'GL_TEXTURE_WIDTH' 'I' @588  4096 (0x00001000)
 - public static final 'GL_TEXTURE_HEIGHT' 'I' @592  4097 (0x00001001)
 - public static final 'GL_TEXTURE_INTERNAL_FORMAT' 'I' @596  4099 (0x00001003)
 - public static final 'GL_TEXTURE_BORDER_COLOR' 'I' @600  4100 (0x00001004)
 - public static final 'GL_DONT_CARE' 'I' @604  4352 (0x00001100)
 - public static final 'GL_FASTEST' 'I' @608  4353 (0x00001101)
 - public static final 'GL_NICEST' 'I' @612  4354 (0x00001102)
 - public static final 'GL_CLEAR' 'I' @616  5376 (0x00001500)
 - public static final 'GL_AND' 'I' @620  5377 (0x00001501)
 - public static final 'GL_AND_REVERSE' 'I' @624  5378 (0x00001502)
 - public static final 'GL_COPY' 'I' @628  5379 (0x00001503)
 - public static final 'GL_AND_INVERTED' 'I' @632  5380 (0x00001504)
 - public static final 'GL_NOOP' 'I' @636  5381 (0x00001505)
 - public static final 'GL_XOR' 'I' @640  5382 (0x00001506)
 - public static final 'GL_OR' 'I' @644  5383 (0x00001507)
 - public static final 'GL_NOR' 'I' @648  5384 (0x00001508)
 - public static final 'GL_EQUIV' 'I' @652  5385 (0x00001509)
 - public static final 'GL_INVERT' 'I' @656  5386 (0x0000150a)
 - public static final 'GL_OR_REVERSE' 'I' @660  5387 (0x0000150b)
 - public static final 'GL_COPY_INVERTED' 'I' @664  5388 (0x0000150c)
 - public static final 'GL_OR_INVERTED' 'I' @668  5389 (0x0000150d)
 - public static final 'GL_NAND' 'I' @672  5390 (0x0000150e)
 - public static final 'GL_SET' 'I' @676  5391 (0x0000150f)
 - public static final 'GL_TEXTURE' 'I' @680  5890 (0x00001702)
 - public static final 'GL_COLOR' 'I' @684  6144 (0x00001800)
 - public static final 'GL_DEPTH' 'I' @688  6145 (0x00001801)
 - public static final 'GL_STENCIL' 'I' @692  6146 (0x00001802)
 - public static final 'GL_STENCIL_INDEX' 'I' @696  6401 (0x00001901)
 - public static final 'GL_DEPTH_COMPONENT' 'I' @700  6402 (0x00001902)
 - public static final 'GL_RED' 'I' @704  6403 (0x00001903)
 - public static final 'GL_GREEN' 'I' @708  6404 (0x00001904)
 - public static final 'GL_BLUE' 'I' @712  6405 (0x00001905)
 - public static final 'GL_ALPHA' 'I' @716  6406 (0x00001906)
 - public static final 'GL_RGB' 'I' @720  6407 (0x00001907)
 - public static final 'GL_RGBA' 'I' @724  6408 (0x00001908)
 - public static final 'GL_POINT' 'I' @728  6912 (0x00001b00)
 - public static final 'GL_LINE' 'I' @732  6913 (0x00001b01)
 - public static final 'GL_FILL' 'I' @736  6914 (0x00001b02)
 - public static final 'GL_KEEP' 'I' @740  7680 (0x00001e00)
 - public static final 'GL_REPLACE' 'I' @744  7681 (0x00001e01)
 - public static final 'GL_INCR' 'I' @748  7682 (0x00001e02)
 - public static final 'GL_DECR' 'I' @752  7683 (0x00001e03)
 - public static final 'GL_VENDOR' 'I' @756  7936 (0x00001f00)
 - public static final 'GL_RENDERER' 'I' @760  7937 (0x00001f01)
 - public static final 'GL_VERSION' 'I' @764  7938 (0x00001f02)
 - public static final 'GL_EXTENSIONS' 'I' @768  7939 (0x00001f03)
 - public static final 'GL_NEAREST' 'I' @772  9728 (0x00002600)
 - public static final 'GL_LINEAR' 'I' @776  9729 (0x00002601)
 - public static final 'GL_NEAREST_MIPMAP_NEAREST' 'I' @780  9984 (0x00002700)
 - public static final 'GL_LINEAR_MIPMAP_NEAREST' 'I' @784  9985 (0x00002701)
 - public static final 'GL_NEAREST_MIPMAP_LINEAR' 'I' @788  9986 (0x00002702)
 - public static final 'GL_LINEAR_MIPMAP_LINEAR' 'I' @792  9987 (0x00002703)
 - public static final 'GL_TEXTURE_MAG_FILTER' 'I' @796  10240 (0x00002800)
 - public static final 'GL_TEXTURE_MIN_FILTER' 'I' @800  10241 (0x00002801)
 - public static final 'GL_TEXTURE_WRAP_S' 'I' @804  10242 (0x00002802)
 - public static final 'GL_TEXTURE_WRAP_T' 'I' @808  10243 (0x00002803)
 - public static final 'GL_REPEAT' 'I' @812  10497 (0x00002901)
 - public static final 'GL_POLYGON_OFFSET_FACTOR' 'I' @816  32824 (0x00008038)
 - public static final 'GL_POLYGON_OFFSET_UNITS' 'I' @820  10752 (0x00002a00)
 - public static final 'GL_POLYGON_OFFSET_POINT' 'I' @824  10753 (0x00002a01)
 - public static final 'GL_POLYGON_OFFSET_LINE' 'I' @828  10754 (0x00002a02)
 - public static final 'GL_POLYGON_OFFSET_FILL' 'I' @832  32823 (0x00008037)
 - public static final 'GL_R3_G3_B2' 'I' @836  10768 (0x00002a10)
 - public static final 'GL_RGB4' 'I' @840  32847 (0x0000804f)
 - public static final 'GL_RGB5' 'I' @844  32848 (0x00008050)
 - public static final 'GL_RGB8' 'I' @848  32849 (0x00008051)
 - public static final 'GL_RGB10' 'I' @852  32850 (0x00008052)
 - public static final 'GL_RGB12' 'I' @856  32851 (0x00008053)
 - public static final 'GL_RGB16' 'I' @860  32852 (0x00008054)
 - public static final 'GL_RGBA2' 'I' @864  32853 (0x00008055)
 - public static final 'GL_RGBA4' 'I' @868  32854 (0x00008056)
 - public static final 'GL_RGB5_A1' 'I' @872  32855 (0x00008057)
 - public static final 'GL_RGBA8' 'I' @876  32856 (0x00008058)
 - public static final 'GL_RGB10_A2' 'I' @880  32857 (0x00008059)
 - public static final 'GL_RGBA12' 'I' @884  32858 (0x0000805a)
 - public static final 'GL_RGBA16' 'I' @888  32859 (0x0000805b)
 - public static final 'GL_TEXTURE_RED_SIZE' 'I' @892  32860 (0x0000805c)
 - public static final 'GL_TEXTURE_GREEN_SIZE' 'I' @896  32861 (0x0000805d)
 - public static final 'GL_TEXTURE_BLUE_SIZE' 'I' @900  32862 (0x0000805e)
 - public static final 'GL_TEXTURE_ALPHA_SIZE' 'I' @904  32863 (0x0000805f)
 - public static final 'GL_PROXY_TEXTURE_1D' 'I' @908  32867 (0x00008063)
 - public static final 'GL_PROXY_TEXTURE_2D' 'I' @912  32868 (0x00008064)
 - public static final 'GL_TEXTURE_BINDING_1D' 'I' @916  32872 (0x00008068)
 - public static final 'GL_TEXTURE_BINDING_2D' 'I' @920  32873 (0x00008069)
 - public static final 'GL_VERTEX_ARRAY' 'I' @924  32884 (0x00008074)
R12=0x0 is null
R13=0x000001f351531e30 is pointing into metadata
R14=0x000000b78d5fee70 is pointing into the stack for thread: 0x000001f30f53eee0
R15=0x000001f30f53eee0 is a thread

Top of Stack: (sp=0x000000b78d5fede8)
0x000000b78d5fede8:   000001f377d2ce0b 000001f35101c680
0x000000b78d5fedf8:   00007ffc3d90e2cb 000001f35143e358
0x000000b78d5fee08:   000001f377d2ca9f 000000b78d5fee10
0x000000b78d5fee18:   000001f351531e30 0000000000000003
0x000000b78d5fee28:   000001f35153b790 0000000000000000
0x000000b78d5fee38:   00000005a81e92f0 000001f351531e38
0x000000b78d5fee48:   0000000000000000 000000b78d5fee78
0x000000b78d5fee58:   000000b78d5feec0 000001f377d2896e
0x000000b78d5fee68:   00000005a81e92f0 000001f377d2a395
0x000000b78d5fee78:   000000b78d5fee78 000001f35143e340
0x000000b78d5fee88:   0000000000000001 000001f351461670
0x000000b78d5fee98:   0000000000000000 00000005a8e5ae68
0x000000b78d5feea8:   000001f35143e358 000000b78d5fee78
0x000000b78d5feeb8:   000000b78d5feed0 000000b78d5fef18
0x000000b78d5feec8:   000001f377d2896e 000000b78d5feed0
0x000000b78d5feed8:   000001f35142a4c8 0000000000000002
0x000000b78d5feee8:   000001f35142a9f8 0000000000000000
0x000000b78d5feef8:   00000005a8e442b8 000001f35142a4e8
0x000000b78d5fef08:   000000b78d5feed0 000000b78d5fef28
0x000000b78d5fef18:   000000b78d5fef78 000001f377d28cd2
0x000000b78d5fef28:   00000005a8e443e0 000000b78d5fef30
0x000000b78d5fef38:   000001f35141ebc2 000000000000000b
0x000000b78d5fef48:   000001f351422fa8 0000000000000000
0x000000b78d5fef58:   00000005a8e28c80 000001f35141ecf0
0x000000b78d5fef68:   000000b78d5fef28 000000b78d5fefa8
0x000000b78d5fef78:   000000b78d5ff020 000001f377d289b8
0x000000b78d5fef88:   0000000000000000 0000000000000000
0x000000b78d5fef98:   00000005a8e469e0 00000005a8e46668
0x000000b78d5fefa8:   0000000000000000 0000000000002600
0x000000b78d5fefb8:   0000000000000000 00000005a8e46930
0x000000b78d5fefc8:   00000005a8e1b9b8 00000005a8e46570
0x000000b78d5fefd8:   000000b78d5fefd8 000001f35141ea17 

Instructions: (pc=0x00007ffc83b2c817)
0x00007ffc83b2c717:   48 ff a1 98 02 00 00 cc cc 48 8b 01 48 8b 48 18
0x00007ffc83b2c727:   48 ff a1 a0 02 00 00 cc cc 48 8b 01 41 8b c8 48
0x00007ffc83b2c737:   8b 50 18 48 ff a2 c8 02 00 00 cc cc cc cc cc cc
0x00007ffc83b2c747:   cc cc cc cc cc cc cc cc cc 48 8b 01 49 8b d1 41
0x00007ffc83b2c757:   8b c8 4c 8b 50 18 49 ff a2 d8 02 00 00 cc cc cc
0x00007ffc83b2c767:   cc cc cc cc cc cc cc cc cc 48 8b 01 49 8b d1 41
0x00007ffc83b2c777:   8b c8 4c 8b 50 18 49 ff a2 e0 02 00 00 cc cc cc
0x00007ffc83b2c787:   cc cc cc cc cc cc cc cc cc 48 8b 01 49 8b d1 41
0x00007ffc83b2c797:   8b c8 4c 8b 50 18 49 ff a2 f0 02 00 00 cc cc cc
0x00007ffc83b2c7a7:   cc cc cc cc cc cc cc cc cc 48 8b 01 49 8b d1 41
0x00007ffc83b2c7b7:   8b c8 4c 8b 50 18 49 ff a2 f8 02 00 00 cc cc cc
0x00007ffc83b2c7c7:   cc cc cc cc cc cc cc cc cc 48 8b 01 49 8b d1 41
0x00007ffc83b2c7d7:   8b c8 4c 8b 50 18 49 ff a2 00 03 00 00 cc cc cc
0x00007ffc83b2c7e7:   cc cc cc cc cc cc cc cc cc 48 8b 01 49 8b d1 41
0x00007ffc83b2c7f7:   8b c8 4c 8b 50 18 49 ff a2 08 03 00 00 cc cc cc
0x00007ffc83b2c807:   cc cc cc cc cc cc cc cc cc 48 8b 01 48 8b 48 18
0x00007ffc83b2c817:   48 8b 81 10 03 00 00 48 ff e0 cc cc cc cc cc cc
0x00007ffc83b2c827:   cc cc cc cc cc cc cc cc cc 48 8b 01 49 8b d1 41
0x00007ffc83b2c837:   8b c8 4c 8b 50 18 49 ff a2 68 03 00 00 cc cc cc
0x00007ffc83b2c847:   cc cc cc cc cc cc cc cc cc 48 8b 01 48 8b 48 18
0x00007ffc83b2c857:   48 8b 81 78 03 00 00 41 8b c8 48 ff e0 cc cc cc
0x00007ffc83b2c867:   cc cc cc cc cc cc cc cc cc 40 53 48 8b 01 41 8b
0x00007ffc83b2c877:   d8 44 8b 44 24 30 41 8b d1 44 8b 4c 24 38 8b cb
0x00007ffc83b2c887:   4c 8b 50 18 48 8b 44 24 40 48 89 44 24 30 5b 49
0x00007ffc83b2c897:   ff a2 a8 03 00 00 cc cc cc 40 53 48 8b 01 41 8b
0x00007ffc83b2c8a7:   d8 44 8b 44 24 30 41 8b d1 4c 8b 4c 24 38 8b cb
0x00007ffc83b2c8b7:   4c 8b 50 18 5b 49 ff a2 b0 03 00 00 cc cc cc cc
0x00007ffc83b2c8c7:   cc cc cc cc cc cc cc cc cc 40 53 48 8b 01 41 8b
0x00007ffc83b2c8d7:   d8 44 8b 44 24 30 41 8b d1 4c 8b 4c 24 38 8b cb
0x00007ffc83b2c8e7:   4c 8b 50 18 5b 49 ff a2 b8 03 00 00 cc cc cc cc
0x00007ffc83b2c8f7:   cc cc cc cc cc cc cc cc cc 48 8b 01 45 8b d8 4c
0x00007ffc83b2c907:   8b 44 24 28 41 8b d1 41 8b cb 4c 8b 50 18 49 ff 


Stack slot to memory mapping:

stack at sp + 0 slots: 0x000001f377d2ce0b is at code_begin+1067 in an Interpreter codelet
native method entry point (kind = native)  [0x000001f377d2c9e0, 0x000001f377d2d508]  2856 bytes
stack at sp + 1 slots: 0x000001f35101c680 is pointing into metadata
stack at sp + 2 slots: 0x00007ffc3d90e2cb jvm.dll
stack at sp + 3 slots: {method} {0x000001f35143e360} 'glGetError' '()I' in 'org/lwjgl/opengl/GL11'
stack at sp + 4 slots: 0x000001f377d2ca9f is at code_begin+191 in an Interpreter codelet
native method entry point (kind = native)  [0x000001f377d2c9e0, 0x000001f377d2d508]  2856 bytes
stack at sp + 5 slots: 0x000000b78d5fee10 is pointing into the stack for thread: 0x000001f30f53eee0
stack at sp + 6 slots: 0x000001f351531e30 is pointing into metadata
stack at sp + 7 slots: 0x0000000000000003 is an unknown value


---------------  P R O C E S S  ---------------

Threads class SMR info:
_java_thread_list=0x000001f30f523100, length=13, elements={
0x000001f30eab9f80, 0x000001f30eaba8b0, 0x000001f30eabf5d0, 0x000001f30eac00d0,
0x000001f30eac7300, 0x000001f30eac8240, 0x000001f30f3b0dd0, 0x000001f30eaccee0,
0x000001f30f52a5e0, 0x000001f30f538c10, 0x000001f30f53eee0, 0x000001f366168390,
0x000001f30f5dc880
}

Java Threads: ( => current thread )
  0x000001f30eab9f80 JavaThread "Reference Handler"          daemon [_thread_blocked, id=3112, stack(0x000000b78cb00000,0x000000b78cc00000) (1024K)]
  0x000001f30eaba8b0 JavaThread "Finalizer"                  daemon [_thread_blocked, id=1660, stack(0x000000b78cc00000,0x000000b78cd00000) (1024K)]
  0x000001f30eabf5d0 JavaThread "Signal Dispatcher"          daemon [_thread_blocked, id=11872, stack(0x000000b78cd00000,0x000000b78ce00000) (1024K)]
  0x000001f30eac00d0 JavaThread "Attach Listener"            daemon [_thread_blocked, id=5024, stack(0x000000b78ce00000,0x000000b78cf00000) (1024K)]
  0x000001f30eac7300 JavaThread "Service Thread"             daemon [_thread_blocked, id=1624, stack(0x000000b78cf00000,0x000000b78d000000) (1024K)]
  0x000001f30eac8240 JavaThread "Monitor Deflation Thread"   daemon [_thread_blocked, id=4312, stack(0x000000b78d000000,0x000000b78d100000) (1024K)]
  0x000001f30f3b0dd0 JavaThread "C2 CompilerThread0"         daemon [_thread_blocked, id=27416, stack(0x000000b78d100000,0x000000b78d200000) (1024K)]
  0x000001f30eaccee0 JavaThread "C1 CompilerThread0"         daemon [_thread_blocked, id=21100, stack(0x000000b78d200000,0x000000b78d300000) (1024K)]
  0x000001f30f52a5e0 JavaThread "Notification Thread"        daemon [_thread_blocked, id=16028, stack(0x000000b78d300000,0x000000b78d400000) (1024K)]
  0x000001f30f538c10 JavaThread "Common-Cleaner"             daemon [_thread_blocked, id=10648, stack(0x000000b78d400000,0x000000b78d500000) (1024K)]
=>0x000001f30f53eee0 JavaThread "Minecraft"                         [_thread_in_native, id=13752, stack(0x000000b78d500000,0x000000b78d600000) (1024K)]
  0x000001f366168390 JavaThread "DestroyJavaVM"                     [_thread_blocked, id=19696, stack(0x000000b78c300000,0x000000b78c400000) (1024K)]
  0x000001f30f5dc880 JavaThread "C2 CompilerThread1"         daemon [_thread_blocked, id=19720, stack(0x000000b78d600000,0x000000b78d700000) (1024K)]
Total: 13

Other Threads:
  0x000001f30ea9e1f0 VMThread "VM Thread"                           [id=8488, stack(0x000000b78ca00000,0x000000b78cb00000) (1024K)]
  0x000001f30ea82b50 WatcherThread "VM Periodic Task Thread"        [id=18860, stack(0x000000b78c900000,0x000000b78ca00000) (1024K)]
  0x000001f3684437a0 WorkerThread "GC Thread#0"                     [id=20224, stack(0x000000b78c400000,0x000000b78c500000) (1024K)]
  0x000001f36844e740 ConcurrentGCThread "G1 Main Marker"            [id=24368, stack(0x000000b78c500000,0x000000b78c600000) (1024K)]
  0x000001f36844fc00 WorkerThread "G1 Conc#0"                       [id=4688, stack(0x000000b78c600000,0x000000b78c700000) (1024K)]
  0x000001f30e956ba0 ConcurrentGCThread "G1 Refine#0"               [id=28336, stack(0x000000b78c700000,0x000000b78c800000) (1024K)]
  0x000001f30e95a150 ConcurrentGCThread "G1 Service"                [id=24160, stack(0x000000b78c800000,0x000000b78c900000) (1024K)]
Total: 7

Threads with active compile tasks:
Total: 0

VM state: not at safepoint (normal execution)

VM Mutex/Monitor currently owned by a thread: None

Heap address: 0x0000000581000000, size: 10224 MB, Compressed Oops mode: Zero based, Oop shift amount: 3

CDS archive(s) mapped at: [0x000001f310000000-0x000001f310c90000-0x000001f310c90000), size 13172736, SharedBaseAddress: 0x000001f310000000, ArchiveRelocationMode: 1.
Compressed class space mapped at: 0x000001f311000000-0x000001f351000000, reserved size: 1073741824
Narrow klass base: 0x000001f310000000, Narrow klass shift: 0, Narrow klass range: 0x100000000

GC Precious Log:
 CardTable entry size: 512
 Card Set container configuration: InlinePtr #cards 4 size 8 Array Of Cards #cards 64 size 144 Howl #buckets 8 coarsen threshold 14745 Howl Bitmap #cards 2048 size 272 coarsen threshold 1843 Card regions per heap region 1 cards per card region 16384
 CPUs: 12 total, 12 available
 Memory: 40881M
 Large Page Support: Disabled
 NUMA Support: Disabled
 Compressed Oops: Enabled (Zero based)
 Heap Region Size: 8M
 Heap Min Capacity: 8M
 Heap Initial Capacity: 640M
 Heap Max Capacity: 10224M
 Pre-touch: Disabled
 Parallel Workers: 10
 Concurrent Workers: 3
 Concurrent Refinement Workers: 10
 Periodic GC: Disabled

Heap:
 garbage-first heap   total 655360K, used 8192K [0x0000000581000000, 0x0000000800000000)
  region size 8192K, 2 young (16384K), 0 survivors (0K)
 Metaspace       used 2878K, committed 3008K, reserved 1114112K
  class space    used 190K, committed 256K, reserved 1048576K

Heap Regions: E=young(eden), S=young(survivor), O=old, HS=humongous(starts), HC=humongous(continues), CS=collection set, F=free, TAMS=top-at-mark-start, PB=parsable bottom
|   0|0x0000000581000000, 0x0000000581000000, 0x0000000581800000|  0%| F|  |TAMS 0x0000000581000000| PB 0x0000000581000000| Untracked 
|   1|0x0000000581800000, 0x0000000581800000, 0x0000000582000000|  0%| F|  |TAMS 0x0000000581800000| PB 0x0000000581800000| Untracked 
|   2|0x0000000582000000, 0x0000000582000000, 0x0000000582800000|  0%| F|  |TAMS 0x0000000582000000| PB 0x0000000582000000| Untracked 
|   3|0x0000000582800000, 0x0000000582800000, 0x0000000583000000|  0%| F|  |TAMS 0x0000000582800000| PB 0x0000000582800000| Untracked 
|   4|0x0000000583000000, 0x0000000583000000, 0x0000000583800000|  0%| F|  |TAMS 0x0000000583000000| PB 0x0000000583000000| Untracked 
|   5|0x0000000583800000, 0x0000000583800000, 0x0000000584000000|  0%| F|  |TAMS 0x0000000583800000| PB 0x0000000583800000| Untracked 
|   6|0x0000000584000000, 0x0000000584000000, 0x0000000584800000|  0%| F|  |TAMS 0x0000000584000000| PB 0x0000000584000000| Untracked 
|   7|0x0000000584800000, 0x0000000584800000, 0x0000000585000000|  0%| F|  |TAMS 0x0000000584800000| PB 0x0000000584800000| Untracked 
|   8|0x0000000585000000, 0x0000000585000000, 0x0000000585800000|  0%| F|  |TAMS 0x0000000585000000| PB 0x0000000585000000| Untracked 
|   9|0x0000000585800000, 0x0000000585800000, 0x0000000586000000|  0%| F|  |TAMS 0x0000000585800000| PB 0x0000000585800000| Untracked 
|  10|0x0000000586000000, 0x0000000586000000, 0x0000000586800000|  0%| F|  |TAMS 0x0000000586000000| PB 0x0000000586000000| Untracked 
|  11|0x0000000586800000, 0x0000000586800000, 0x0000000587000000|  0%| F|  |TAMS 0x0000000586800000| PB 0x0000000586800000| Untracked 
|  12|0x0000000587000000, 0x0000000587000000, 0x0000000587800000|  0%| F|  |TAMS 0x0000000587000000| PB 0x0000000587000000| Untracked 
|  13|0x0000000587800000, 0x0000000587800000, 0x0000000588000000|  0%| F|  |TAMS 0x0000000587800000| PB 0x0000000587800000| Untracked 
|  14|0x0000000588000000, 0x0000000588000000, 0x0000000588800000|  0%| F|  |TAMS 0x0000000588000000| PB 0x0000000588000000| Untracked 
|  15|0x0000000588800000, 0x0000000588800000, 0x0000000589000000|  0%| F|  |TAMS 0x0000000588800000| PB 0x0000000588800000| Untracked 
|  16|0x0000000589000000, 0x0000000589000000, 0x0000000589800000|  0%| F|  |TAMS 0x0000000589000000| PB 0x0000000589000000| Untracked 
|  17|0x0000000589800000, 0x0000000589800000, 0x000000058a000000|  0%| F|  |TAMS 0x0000000589800000| PB 0x0000000589800000| Untracked 
|  18|0x000000058a000000, 0x000000058a000000, 0x000000058a800000|  0%| F|  |TAMS 0x000000058a000000| PB 0x000000058a000000| Untracked 
|  19|0x000000058a800000, 0x000000058a800000, 0x000000058b000000|  0%| F|  |TAMS 0x000000058a800000| PB 0x000000058a800000| Untracked 
|  20|0x000000058b000000, 0x000000058b000000, 0x000000058b800000|  0%| F|  |TAMS 0x000000058b000000| PB 0x000000058b000000| Untracked 
|  21|0x000000058b800000, 0x000000058b800000, 0x000000058c000000|  0%| F|  |TAMS 0x000000058b800000| PB 0x000000058b800000| Untracked 
|  22|0x000000058c000000, 0x000000058c000000, 0x000000058c800000|  0%| F|  |TAMS 0x000000058c000000| PB 0x000000058c000000| Untracked 
|  23|0x000000058c800000, 0x000000058c800000, 0x000000058d000000|  0%| F|  |TAMS 0x000000058c800000| PB 0x000000058c800000| Untracked 
|  24|0x000000058d000000, 0x000000058d000000, 0x000000058d800000|  0%| F|  |TAMS 0x000000058d000000| PB 0x000000058d000000| Untracked 
|  25|0x000000058d800000, 0x000000058d800000, 0x000000058e000000|  0%| F|  |TAMS 0x000000058d800000| PB 0x000000058d800000| Untracked 
|  26|0x000000058e000000, 0x000000058e000000, 0x000000058e800000|  0%| F|  |TAMS 0x000000058e000000| PB 0x000000058e000000| Untracked 
|  27|0x000000058e800000, 0x000000058e800000, 0x000000058f000000|  0%| F|  |TAMS 0x000000058e800000| PB 0x000000058e800000| Untracked 
|  28|0x000000058f000000, 0x000000058f000000, 0x000000058f800000|  0%| F|  |TAMS 0x000000058f000000| PB 0x000000058f000000| Untracked 
|  29|0x000000058f800000, 0x000000058f800000, 0x0000000590000000|  0%| F|  |TAMS 0x000000058f800000| PB 0x000000058f800000| Untracked 
|  30|0x0000000590000000, 0x0000000590000000, 0x0000000590800000|  0%| F|  |TAMS 0x0000000590000000| PB 0x0000000590000000| Untracked 
|  31|0x0000000590800000, 0x0000000590800000, 0x0000000591000000|  0%| F|  |TAMS 0x0000000590800000| PB 0x0000000590800000| Untracked 
|  32|0x0000000591000000, 0x0000000591000000, 0x0000000591800000|  0%| F|  |TAMS 0x0000000591000000| PB 0x0000000591000000| Untracked 
|  33|0x0000000591800000, 0x0000000591800000, 0x0000000592000000|  0%| F|  |TAMS 0x0000000591800000| PB 0x0000000591800000| Untracked 
|  34|0x0000000592000000, 0x0000000592000000, 0x0000000592800000|  0%| F|  |TAMS 0x0000000592000000| PB 0x0000000592000000| Untracked 
|  35|0x0000000592800000, 0x0000000592800000, 0x0000000593000000|  0%| F|  |TAMS 0x0000000592800000| PB 0x0000000592800000| Untracked 
|  36|0x0000000593000000, 0x0000000593000000, 0x0000000593800000|  0%| F|  |TAMS 0x0000000593000000| PB 0x0000000593000000| Untracked 
|  37|0x0000000593800000, 0x0000000593800000, 0x0000000594000000|  0%| F|  |TAMS 0x0000000593800000| PB 0x0000000593800000| Untracked 
|  38|0x0000000594000000, 0x0000000594000000, 0x0000000594800000|  0%| F|  |TAMS 0x0000000594000000| PB 0x0000000594000000| Untracked 
|  39|0x0000000594800000, 0x0000000594800000, 0x0000000595000000|  0%| F|  |TAMS 0x0000000594800000| PB 0x0000000594800000| Untracked 
|  40|0x0000000595000000, 0x0000000595000000, 0x0000000595800000|  0%| F|  |TAMS 0x0000000595000000| PB 0x0000000595000000| Untracked 
|  41|0x0000000595800000, 0x0000000595800000, 0x0000000596000000|  0%| F|  |TAMS 0x0000000595800000| PB 0x0000000595800000| Untracked 
|  42|0x0000000596000000, 0x0000000596000000, 0x0000000596800000|  0%| F|  |TAMS 0x0000000596000000| PB 0x0000000596000000| Untracked 
|  43|0x0000000596800000, 0x0000000596800000, 0x0000000597000000|  0%| F|  |TAMS 0x0000000596800000| PB 0x0000000596800000| Untracked 
|  44|0x0000000597000000, 0x0000000597000000, 0x0000000597800000|  0%| F|  |TAMS 0x0000000597000000| PB 0x0000000597000000| Untracked 
|  45|0x0000000597800000, 0x0000000597800000, 0x0000000598000000|  0%| F|  |TAMS 0x0000000597800000| PB 0x0000000597800000| Untracked 
|  46|0x0000000598000000, 0x0000000598000000, 0x0000000598800000|  0%| F|  |TAMS 0x0000000598000000| PB 0x0000000598000000| Untracked 
|  47|0x0000000598800000, 0x0000000598800000, 0x0000000599000000|  0%| F|  |TAMS 0x0000000598800000| PB 0x0000000598800000| Untracked 
|  48|0x0000000599000000, 0x0000000599000000, 0x0000000599800000|  0%| F|  |TAMS 0x0000000599000000| PB 0x0000000599000000| Untracked 
|  49|0x0000000599800000, 0x0000000599800000, 0x000000059a000000|  0%| F|  |TAMS 0x0000000599800000| PB 0x0000000599800000| Untracked 
|  50|0x000000059a000000, 0x000000059a000000, 0x000000059a800000|  0%| F|  |TAMS 0x000000059a000000| PB 0x000000059a000000| Untracked 
|  51|0x000000059a800000, 0x000000059a800000, 0x000000059b000000|  0%| F|  |TAMS 0x000000059a800000| PB 0x000000059a800000| Untracked 
|  52|0x000000059b000000, 0x000000059b000000, 0x000000059b800000|  0%| F|  |TAMS 0x000000059b000000| PB 0x000000059b000000| Untracked 
|  53|0x000000059b800000, 0x000000059b800000, 0x000000059c000000|  0%| F|  |TAMS 0x000000059b800000| PB 0x000000059b800000| Untracked 
|  54|0x000000059c000000, 0x000000059c000000, 0x000000059c800000|  0%| F|  |TAMS 0x000000059c000000| PB 0x000000059c000000| Untracked 
|  55|0x000000059c800000, 0x000000059c800000, 0x000000059d000000|  0%| F|  |TAMS 0x000000059c800000| PB 0x000000059c800000| Untracked 
|  56|0x000000059d000000, 0x000000059d000000, 0x000000059d800000|  0%| F|  |TAMS 0x000000059d000000| PB 0x000000059d000000| Untracked 
|  57|0x000000059d800000, 0x000000059d800000, 0x000000059e000000|  0%| F|  |TAMS 0x000000059d800000| PB 0x000000059d800000| Untracked 
|  58|0x000000059e000000, 0x000000059e000000, 0x000000059e800000|  0%| F|  |TAMS 0x000000059e000000| PB 0x000000059e000000| Untracked 
|  59|0x000000059e800000, 0x000000059e800000, 0x000000059f000000|  0%| F|  |TAMS 0x000000059e800000| PB 0x000000059e800000| Untracked 
|  60|0x000000059f000000, 0x000000059f000000, 0x000000059f800000|  0%| F|  |TAMS 0x000000059f000000| PB 0x000000059f000000| Untracked 
|  61|0x000000059f800000, 0x000000059f800000, 0x00000005a0000000|  0%| F|  |TAMS 0x000000059f800000| PB 0x000000059f800000| Untracked 
|  62|0x00000005a0000000, 0x00000005a0000000, 0x00000005a0800000|  0%| F|  |TAMS 0x00000005a0000000| PB 0x00000005a0000000| Untracked 
|  63|0x00000005a0800000, 0x00000005a0800000, 0x00000005a1000000|  0%| F|  |TAMS 0x00000005a0800000| PB 0x00000005a0800000| Untracked 
|  64|0x00000005a1000000, 0x00000005a1000000, 0x00000005a1800000|  0%| F|  |TAMS 0x00000005a1000000| PB 0x00000005a1000000| Untracked 
|  65|0x00000005a1800000, 0x00000005a1800000, 0x00000005a2000000|  0%| F|  |TAMS 0x00000005a1800000| PB 0x00000005a1800000| Untracked 
|  66|0x00000005a2000000, 0x00000005a2000000, 0x00000005a2800000|  0%| F|  |TAMS 0x00000005a2000000| PB 0x00000005a2000000| Untracked 
|  67|0x00000005a2800000, 0x00000005a2800000, 0x00000005a3000000|  0%| F|  |TAMS 0x00000005a2800000| PB 0x00000005a2800000| Untracked 
|  68|0x00000005a3000000, 0x00000005a3000000, 0x00000005a3800000|  0%| F|  |TAMS 0x00000005a3000000| PB 0x00000005a3000000| Untracked 
|  69|0x00000005a3800000, 0x00000005a3800000, 0x00000005a4000000|  0%| F|  |TAMS 0x00000005a3800000| PB 0x00000005a3800000| Untracked 
|  70|0x00000005a4000000, 0x00000005a4000000, 0x00000005a4800000|  0%| F|  |TAMS 0x00000005a4000000| PB 0x00000005a4000000| Untracked 
|  71|0x00000005a4800000, 0x00000005a4800000, 0x00000005a5000000|  0%| F|  |TAMS 0x00000005a4800000| PB 0x00000005a4800000| Untracked 
|  72|0x00000005a5000000, 0x00000005a5000000, 0x00000005a5800000|  0%| F|  |TAMS 0x00000005a5000000| PB 0x00000005a5000000| Untracked 
|  73|0x00000005a5800000, 0x00000005a5800000, 0x00000005a6000000|  0%| F|  |TAMS 0x00000005a5800000| PB 0x00000005a5800000| Untracked 
|  74|0x00000005a6000000, 0x00000005a6000000, 0x00000005a6800000|  0%| F|  |TAMS 0x00000005a6000000| PB 0x00000005a6000000| Untracked 
|  75|0x00000005a6800000, 0x00000005a6800000, 0x00000005a7000000|  0%| F|  |TAMS 0x00000005a6800000| PB 0x00000005a6800000| Untracked 
|  76|0x00000005a7000000, 0x00000005a7000000, 0x00000005a7800000|  0%| F|  |TAMS 0x00000005a7000000| PB 0x00000005a7000000| Untracked 
|  77|0x00000005a7800000, 0x00000005a7800000, 0x00000005a8000000|  0%| F|  |TAMS 0x00000005a7800000| PB 0x00000005a7800000| Untracked 
|  78|0x00000005a8000000, 0x00000005a8214c10, 0x00000005a8800000| 26%| E|  |TAMS 0x00000005a8000000| PB 0x00000005a8000000| Complete 
|  79|0x00000005a8800000, 0x00000005a9000000, 0x00000005a9000000|100%| E|CS|TAMS 0x00000005a8800000| PB 0x00000005a8800000| Complete 

Card table byte_map: [0x000001f301400000,0x000001f302800000] _byte_map_base: 0x000001f2fe7f8000

Marking Bits: (CMBitMap*) 0x000001f368443ea0
 Bits: [0x000001f302800000, 0x000001f30c7c0000)

Polling page: 0x000001f366380000

Metaspace:

Usage:
  Non-class:      2.62 MB used.
      Class:    190.44 KB used.
       Both:      2.81 MB used.

Virtual space:
  Non-class space:       64.00 MB reserved,       2.69 MB (  4%) committed,  1 nodes.
      Class space:        1.00 GB reserved,     256.00 KB ( <1%) committed,  1 nodes.
             Both:        1.06 GB reserved,       2.94 MB ( <1%) committed. 

Chunk freelists:
   Non-Class:  10.75 MB
       Class:  15.66 MB
        Both:  26.41 MB

MaxMetaspaceSize: unlimited
CompressedClassSpaceSize: 1.00 GB
Initial GC threshold: 21.00 MB
Current GC threshold: 21.00 MB
CDS: on
 - commit_granule_bytes: 65536.
 - commit_granule_words: 8192.
 - virtual_space_node_default_size: 8388608.
 - enlarge_chunks_in_place: 1.
 - use_allocation_guard: 0.


Internal statistics:

num_allocs_failed_limit: 0.
num_arena_births: 62.
num_arena_deaths: 0.
num_vsnodes_births: 2.
num_vsnodes_deaths: 0.
num_space_committed: 47.
num_space_uncommitted: 0.
num_chunks_returned_to_freelist: 0.
num_chunks_taken_from_freelist: 129.
num_chunk_merges: 0.
num_chunk_splits: 86.
num_chunks_enlarged: 58.
num_inconsistent_stats: 0.

CodeHeap 'non-profiled nmethods': size=120000Kb used=183Kb max_used=183Kb free=119816Kb
 bounds [0x000001f3782c0000, 0x000001f378530000, 0x000001f37f7f0000]
CodeHeap 'profiled nmethods': size=120000Kb used=987Kb max_used=987Kb free=119012Kb
 bounds [0x000001f3707f0000, 0x000001f370a60000, 0x000001f377d20000]
CodeHeap 'non-nmethods': size=5760Kb used=2044Kb max_used=2057Kb free=3715Kb
 bounds [0x000001f377d20000, 0x000001f377f90000, 0x000001f3782c0000]
 total_blobs=1632 nmethods=610 adapters=927
 compilation: enabled
              stopped_count=0, restarted_count=0
 full_count=0

Compilation events (20 events):
Event: 0.269 Thread 0x000001f30eaccee0 nmethod 599 0x000001f3708de890 code [0x000001f3708dea20, 0x000001f3708deb20]
Event: 0.269 Thread 0x000001f30eaccee0  600       3       org.lwjgl.system.MemoryUtil::write8 (19 bytes)
Event: 0.269 Thread 0x000001f30eaccee0 nmethod 600 0x000001f3708deb90 code [0x000001f3708ded40, 0x000001f3708def88]
Event: 0.269 Thread 0x000001f30eaccee0  601       3       sun.misc.Unsafe::putByte (11 bytes)
Event: 0.269 Thread 0x000001f30eaccee0 nmethod 601 0x000001f3708df090 code [0x000001f3708df220, 0x000001f3708df330]
Event: 0.269 Thread 0x000001f30eaccee0  602       3       sun.net.util.IPAddressUtil::checkHostString (64 bytes)
Event: 0.269 Thread 0x000001f30eaccee0 nmethod 602 0x000001f3708df410 code [0x000001f3708df5e0, 0x000001f3708df7f8]
Event: 0.269 Thread 0x000001f30eaccee0  603       3       sun.net.util.IPAddressUtil::checkHost (156 bytes)
Event: 0.270 Thread 0x000001f30f5dc880  608       4       java.lang.Integer::toUnsignedLong (7 bytes)
Event: 0.270 Thread 0x000001f30f5dc880 nmethod 608 0x000001f3782edc90 code [0x000001f3782ede00, 0x000001f3782ede68]
Event: 0.270 Thread 0x000001f30eaccee0 nmethod 603 0x000001f3708df910 code [0x000001f3708dfda0, 0x000001f3708e1aa8]
Event: 0.270 Thread 0x000001f30eaccee0  604       3       sun.net.util.IPAddressUtil::scan (92 bytes)
Event: 0.271 Thread 0x000001f30eaccee0 nmethod 604 0x000001f3708e2590 code [0x000001f3708e2800, 0x000001f3708e3388]
Event: 0.271 Thread 0x000001f30eaccee0  606       3       sun.misc.Unsafe::putLong (11 bytes)
Event: 0.271 Thread 0x000001f30eaccee0 nmethod 606 0x000001f3708e3890 code [0x000001f3708e3a20, 0x000001f3708e3b30]
Event: 0.271 Thread 0x000001f30eaccee0  607       3       org.lwjgl.system.MemoryUtil::memPutAddress (29 bytes)
Event: 0.271 Thread 0x000001f30eaccee0 nmethod 607 0x000001f3708e3c10 code [0x000001f3708e3dc0, 0x000001f3708e3fb8]
Event: 0.271 Thread 0x000001f30eaccee0  609       3       java.lang.StringConcatHelper::newString (67 bytes)
Event: 0.271 Thread 0x000001f30eaccee0 nmethod 609 0x000001f3708e4090 code [0x000001f3708e4300, 0x000001f3708e4ce0]
Event: 0.271 Thread 0x000001f30eaccee0  610       3       java.lang.String::concat (15 bytes)

GC Heap History (0 events):
No events

Dll operation events (8 events):
Event: 0.006 Loaded shared library C:\Program Files\Java\jdk-21\bin\java.dll
Event: 0.032 Loaded shared library C:\Program Files\Java\jdk-21\bin\jsvml.dll
Event: 0.087 Loaded shared library C:\Program Files\Java\jdk-21\bin\net.dll
Event: 0.088 Loaded shared library C:\Program Files\Java\jdk-21\bin\nio.dll
Event: 0.091 Loaded shared library C:\Program Files\Java\jdk-21\bin\zip.dll
Event: 0.126 Loaded shared library C:\Program Files\Java\jdk-21\bin\jimage.dll
Event: 0.186 Loaded shared library C:\Users\LWAbe\AppData\Local\Temp\lwjgl_LWAbe\3.3.3+5\x64\lwjgl.dll
Event: 0.234 Loaded shared library C:\Users\LWAbe\AppData\Local\Temp\lwjgl_LWAbe\3.3.3+5\x64\lwjgl_opengl.dll

Deoptimization events (20 events):
Event: 0.079 Thread 0x000001f366168390 Uncommon trap: trap_request=0xffffff45 fr.pc=0x000001f3782c12e4 relative=0x00000000000000c4
Event: 0.079 Thread 0x000001f366168390 Uncommon trap: reason=unstable_if action=reinterpret pc=0x000001f3782c12e4 method=java.lang.String.isLatin1()Z @ 10 c2
Event: 0.079 Thread 0x000001f366168390 DEOPT PACKING pc=0x000001f3782c12e4 sp=0x000000b78c3feef0
Event: 0.079 Thread 0x000001f366168390 DEOPT UNPACKING pc=0x000001f377d746a2 sp=0x000000b78c3fee30 mode 2
Event: 0.098 Thread 0x000001f30f53eee0 DEOPT PACKING pc=0x000001f370809719 sp=0x000000b78d5fa140
Event: 0.098 Thread 0x000001f30f53eee0 DEOPT UNPACKING pc=0x000001f377d74e42 sp=0x000000b78d5f9560 mode 0
Event: 0.101 Thread 0x000001f30f53eee0 DEOPT PACKING pc=0x000001f3707f92e1 sp=0x000000b78d5fa110
Event: 0.101 Thread 0x000001f30f53eee0 DEOPT UNPACKING pc=0x000001f377d74e42 sp=0x000000b78d5f9578 mode 0
Event: 0.134 Thread 0x000001f30f53eee0 Uncommon trap: trap_request=0xffffff45 fr.pc=0x000001f3782cd7f8 relative=0x00000000000002b8
Event: 0.134 Thread 0x000001f30f53eee0 Uncommon trap: reason=unstable_if action=reinterpret pc=0x000001f3782cd7f8 method=java.lang.StringLatin1.hashCode([B)I @ 2 c2
Event: 0.134 Thread 0x000001f30f53eee0 DEOPT PACKING pc=0x000001f3782cd7f8 sp=0x000000b78d5fd2d0
Event: 0.134 Thread 0x000001f30f53eee0 DEOPT UNPACKING pc=0x000001f377d746a2 sp=0x000000b78d5fd208 mode 2
Event: 0.179 Thread 0x000001f30f53eee0 Uncommon trap: trap_request=0xffffff45 fr.pc=0x000001f3782c8790 relative=0x0000000000000070
Event: 0.179 Thread 0x000001f30f53eee0 Uncommon trap: reason=unstable_if action=reinterpret pc=0x000001f3782c8790 method=java.io.WinNTFileSystem.isSlash(C)Z @ 9 c2
Event: 0.179 Thread 0x000001f30f53eee0 DEOPT PACKING pc=0x000001f3782c8790 sp=0x000000b78d5fc140
Event: 0.179 Thread 0x000001f30f53eee0 DEOPT UNPACKING pc=0x000001f377d746a2 sp=0x000000b78d5fc0c8 mode 2
Event: 0.184 Thread 0x000001f30f53eee0 Uncommon trap: trap_request=0xffffff45 fr.pc=0x000001f3782cbeec relative=0x000000000000004c
Event: 0.184 Thread 0x000001f30f53eee0 Uncommon trap: reason=unstable_if action=reinterpret pc=0x000001f3782cbeec method=sun.nio.fs.WindowsPathParser.isSlash(C)Z @ 9 c2
Event: 0.184 Thread 0x000001f30f53eee0 DEOPT PACKING pc=0x000001f3782cbeec sp=0x000000b78d5fc250
Event: 0.184 Thread 0x000001f30f53eee0 DEOPT UNPACKING pc=0x000001f377d746a2 sp=0x000000b78d5fc1d8 mode 2

Classes loaded (20 events):
Event: 0.241 Loading class java/nio/DirectDoubleBufferU
Event: 0.241 Loading class java/nio/DirectDoubleBufferU done
Event: 0.241 Loading class sun/misc/Unsafe
Event: 0.241 Loading class sun/misc/Unsafe done
Event: 0.241 Loading class java/lang/invoke/DirectMethodHandle$StaticAccessor
Event: 0.242 Loading class java/lang/invoke/DirectMethodHandle$StaticAccessor done
Event: 0.243 Loading class java/util/function/LongPredicate
Event: 0.243 Loading class java/util/function/LongPredicate done
Event: 0.244 Loading class java/lang/foreign/MemorySegment
Event: 0.244 Loading class java/lang/foreign/MemorySegment done
Event: 0.247 Loading class java/nio/InvalidMarkException
Event: 0.247 Loading class java/nio/InvalidMarkException done
Event: 0.247 Loading class java/nio/BufferUnderflowException
Event: 0.247 Loading class java/nio/BufferUnderflowException done
Event: 0.249 Loading class java/lang/IndexOutOfBoundsException
Event: 0.249 Loading class java/lang/IndexOutOfBoundsException done
Event: 0.254 Loading class jdk/internal/foreign/MemorySessionImpl
Event: 0.254 Loading class java/lang/foreign/MemorySegment$Scope
Event: 0.254 Loading class java/lang/foreign/MemorySegment$Scope done
Event: 0.254 Loading class jdk/internal/foreign/MemorySessionImpl done

Classes unloaded (0 events):
No events

Classes redefined (0 events):
No events

Internal exceptions (20 events):
Event: 0.153 Thread 0x000001f30f53eee0 Exception <a 'java/lang/NoSuchMethodError'{0x00000005a8ecca68}: 'java.lang.Object java.lang.invoke.DirectMethodHandle$Holder.invokeStatic(java.lang.Object, java.lang.Object, int)'> (0x00000005a8ecca68) 
thrown [s\open\src\hotspot\share\interpreter\linkResolver.cpp, line 773]
Event: 0.154 Thread 0x000001f30f53eee0 Exception <a 'java/lang/NoSuchMethodError'{0x00000005a8ed7fb0}: 'void java.lang.invoke.DelegatingMethodHandle$Holder.delegate(java.lang.Object, java.lang.Object, int, java.lang.Object)'> (0x00000005a8ed7fb0) 
thrown [s\open\src\hotspot\share\interpreter\linkResolver.cpp, line 773]
Event: 0.154 Thread 0x000001f30f53eee0 Exception <a 'java/lang/NoSuchMethodError'{0x00000005a8edbe98}: 'int java.lang.invoke.DirectMethodHandle$Holder.invokeSpecial(java.lang.Object, java.lang.Object, java.lang.Object)'> (0x00000005a8edbe98) 
thrown [s\open\src\hotspot\share\interpreter\linkResolver.cpp, line 773]
Event: 0.158 Thread 0x000001f30f53eee0 Exception <a 'java/lang/NoSuchMethodError'{0x00000005a8efc738}: 'void java.lang.System.loadLibrary(java.lang.String, java.lang.Class)'> (0x00000005a8efc738) 
thrown [s\open\src\hotspot\share\interpreter\linkResolver.cpp, line 773]
Event: 0.166 Thread 0x000001f30f53eee0 Exception <a 'java/lang/NoSuchMethodError'{0x00000005a8f68178}: 'void java.lang.System.load(java.lang.String, java.lang.Class)'> (0x00000005a8f68178) 
thrown [s\open\src\hotspot\share\interpreter\linkResolver.cpp, line 773]
Event: 0.166 Thread 0x000001f30f53eee0 Exception <a 'java/lang/NoSuchMethodError'{0x00000005a8f6ab30}: 'void java.lang.System.loadLibrary(java.lang.String, java.lang.Class)'> (0x00000005a8f6ab30) 
thrown [s\open\src\hotspot\share\interpreter\linkResolver.cpp, line 773]
Event: 0.184 Thread 0x000001f30f53eee0 Exception <a 'sun/nio/fs/WindowsException'{0x00000005a8fc3808}> (0x00000005a8fc3808) 
thrown [s\open\src\hotspot\share\prims\jni.cpp, line 520]
Event: 0.185 Thread 0x000001f30f53eee0 Exception <a 'sun/nio/fs/WindowsException'{0x00000005a8fc3d38}> (0x00000005a8fc3d38) 
thrown [s\open\src\hotspot\share\prims\jni.cpp, line 520]
Event: 0.232 Thread 0x000001f30f53eee0 Exception <a 'sun/nio/fs/WindowsException'{0x00000005a8083040}> (0x00000005a8083040) 
thrown [s\open\src\hotspot\share\prims\jni.cpp, line 520]
Event: 0.232 Thread 0x000001f30f53eee0 Exception <a 'sun/nio/fs/WindowsException'{0x00000005a80833e0}> (0x00000005a80833e0) 
thrown [s\open\src\hotspot\share\prims\jni.cpp, line 520]
Event: 0.237 Thread 0x000001f30f53eee0 Exception <a 'sun/nio/fs/WindowsException'{0x00000005a808dd80}> (0x00000005a808dd80) 
thrown [s\open\src\hotspot\share\prims\jni.cpp, line 520]
Event: 0.237 Thread 0x000001f30f53eee0 Exception <a 'sun/nio/fs/WindowsException'{0x00000005a808e050}> (0x00000005a808e050) 
thrown [s\open\src\hotspot\share\prims\jni.cpp, line 520]
Event: 0.243 Thread 0x000001f30f53eee0 Exception <a 'java/lang/NoSuchMethodError'{0x00000005a80ea688}: 'int java.lang.invoke.DirectMethodHandle$Holder.invokeStaticInit(java.lang.Object, java.lang.Object, int, long)'> (0x00000005a80ea688) 
thrown [s\open\src\hotspot\share\interpreter\linkResolver.cpp, line 773]
Event: 0.244 Thread 0x000001f30f53eee0 Exception <a 'java/lang/NoSuchMethodError'{0x00000005a80ef960}: 'java.lang.Object java.lang.invoke.DirectMethodHandle$Holder.newInvokeSpecial(java.lang.Object, java.lang.Object, int)'> (0x00000005a80ef960) 
thrown [s\open\src\hotspot\share\interpreter\linkResolver.cpp, line 773]
Event: 0.245 Thread 0x000001f30f53eee0 Exception <a 'java/lang/NoSuchMethodError'{0x00000005a8101550}: 'int java.lang.invoke.DirectMethodHandle$Holder.invokeStaticInit(java.lang.Object, java.lang.Object, long, long)'> (0x00000005a8101550) 
thrown [s\open\src\hotspot\share\interpreter\linkResolver.cpp, line 773]
Event: 0.245 Thread 0x000001f30f53eee0 Exception <a 'java/lang/NoSuchMethodError'{0x00000005a8107068}: 'java.lang.Object java.lang.invoke.DirectMethodHandle$Holder.newInvokeSpecial(java.lang.Object, java.lang.Object, long)'> (0x00000005a8107068) 
thrown [s\open\src\hotspot\share\interpreter\linkResolver.cpp, line 773]
Event: 0.246 Thread 0x000001f30f53eee0 Exception <a 'java/lang/NoSuchMethodError'{0x00000005a810b0d0}: 'java.lang.Object java.lang.invoke.Invokers$Holder.linkToTargetMethod(java.lang.Object, long, java.lang.Object)'> (0x00000005a810b0d0) 
thrown [s\open\src\hotspot\share\interpreter\linkResolver.cpp, line 773]
Event: 0.246 Thread 0x000001f30f53eee0 Exception <a 'java/lang/NoSuchMethodError'{0x00000005a8112440}: 'int java.lang.invoke.DirectMethodHandle$Holder.invokeStaticInit(java.lang.Object, java.lang.Object, java.lang.Object, long)'> (0x00000005a8112440) 
thrown [s\open\src\hotspot\share\interpreter\linkResolver.cpp, line 773]
Event: 0.258 Thread 0x000001f30f53eee0 Exception <a 'sun/nio/fs/WindowsException'{0x00000005a8187940}> (0x00000005a8187940) 
thrown [s\open\src\hotspot\share\prims\jni.cpp, line 520]
Event: 0.258 Thread 0x000001f30f53eee0 Exception <a 'sun/nio/fs/WindowsException'{0x00000005a8187cd0}> (0x00000005a8187cd0) 
thrown [s\open\src\hotspot\share\prims\jni.cpp, line 520]

ZGC Phase Switch (0 events):
No events

VM Operations (4 events):
Event: 0.097 Executing VM operation: HandshakeAllThreads (Deoptimize)
Event: 0.097 Executing VM operation: HandshakeAllThreads (Deoptimize) done
Event: 0.179 Executing VM operation: HandshakeAllThreads (Deoptimize)
Event: 0.179 Executing VM operation: HandshakeAllThreads (Deoptimize) done

Events (15 events):
Event: 0.020 Thread 0x000001f366168390 Thread added: 0x000001f366168390
Event: 0.031 Thread 0x000001f30eab9f80 Thread added: 0x000001f30eab9f80
Event: 0.031 Thread 0x000001f30eaba8b0 Thread added: 0x000001f30eaba8b0
Event: 0.031 Thread 0x000001f30eabf5d0 Thread added: 0x000001f30eabf5d0
Event: 0.031 Thread 0x000001f30eac00d0 Thread added: 0x000001f30eac00d0
Event: 0.031 Thread 0x000001f30eac7300 Thread added: 0x000001f30eac7300
Event: 0.031 Thread 0x000001f30eac8240 Thread added: 0x000001f30eac8240
Event: 0.031 Thread 0x000001f30f3b0dd0 Thread added: 0x000001f30f3b0dd0
Event: 0.031 Thread 0x000001f30eaccee0 Thread added: 0x000001f30eaccee0
Event: 0.079 Thread 0x000001f30f52a5e0 Thread added: 0x000001f30f52a5e0
Event: 0.081 Thread 0x000001f30f538c10 Thread added: 0x000001f30f538c10
Event: 0.083 Thread 0x000001f30f53eee0 Thread added: 0x000001f30f53eee0
Event: 0.083 Thread 0x000001f366168390 Thread exited: 0x000001f366168390
Event: 0.083 Thread 0x000001f366168390 Thread added: 0x000001f366168390
Event: 0.105 Thread 0x000001f30f5dc880 Thread added: 0x000001f30f5dc880


Dynamic libraries:
0x00007ff7d04f0000 - 0x00007ff7d0500000 	C:\Program Files\Java\jdk-21\bin\java.exe
0x00007ffcc7ef0000 - 0x00007ffcc8106000 	C:\WINDOWS\SYSTEM32\ntdll.dll
0x00007ffcc67d0000 - 0x00007ffcc6894000 	C:\WINDOWS\System32\KERNEL32.DLL
0x00007ffcc5400000 - 0x00007ffcc57a7000 	C:\WINDOWS\System32\KERNELBASE.dll
0x00007ffcc57b0000 - 0x00007ffcc58c1000 	C:\WINDOWS\System32\ucrtbase.dll
0x00007ffc84220000 - 0x00007ffc84239000 	C:\Program Files\Java\jdk-21\bin\jli.dll
0x00007ffc83dd0000 - 0x00007ffc83deb000 	C:\Program Files\Java\jdk-21\bin\VCRUNTIME140.dll
0x00007ffcc5d20000 - 0x00007ffcc5dd2000 	C:\WINDOWS\System32\ADVAPI32.dll
0x00007ffcc6720000 - 0x00007ffcc67c7000 	C:\WINDOWS\System32\msvcrt.dll
0x00007ffcc7170000 - 0x00007ffcc7218000 	C:\WINDOWS\System32\sechost.dll
0x00007ffcc5990000 - 0x00007ffcc59b8000 	C:\WINDOWS\System32\bcrypt.dll
0x00007ffcc7bb0000 - 0x00007ffcc7cc5000 	C:\WINDOWS\System32\RPCRT4.dll
0x00007ffcc7870000 - 0x00007ffcc7a1e000 	C:\WINDOWS\System32\USER32.dll
0x00007ffcc53d0000 - 0x00007ffcc53f6000 	C:\WINDOWS\System32\win32u.dll
0x00007ffcae0f0000 - 0x00007ffcae383000 	C:\WINDOWS\WinSxS\amd64_microsoft.windows.common-controls_6595b64144ccf1df_6.0.22621.3235_none_270f74e173860f98\COMCTL32.dll
0x00007ffcc7aa0000 - 0x00007ffcc7ac9000 	C:\WINDOWS\System32\GDI32.dll
0x00007ffcc5210000 - 0x00007ffcc5329000 	C:\WINDOWS\System32\gdi32full.dll
0x00007ffcc5330000 - 0x00007ffcc53ca000 	C:\WINDOWS\System32\msvcp_win.dll
0x00007ffcbb7f0000 - 0x00007ffcbb7fa000 	C:\WINDOWS\SYSTEM32\VERSION.dll
0x00007ffcc7e50000 - 0x00007ffcc7e81000 	C:\WINDOWS\System32\IMM32.DLL
0x00007ffc8e430000 - 0x00007ffc8e43c000 	C:\Program Files\Java\jdk-21\bin\vcruntime140_1.dll
0x00007ffc72cb0000 - 0x00007ffc72d3e000 	C:\Program Files\Java\jdk-21\bin\msvcp140.dll
0x00007ffc3d290000 - 0x00007ffc3dfa5000 	C:\Program Files\Java\jdk-21\bin\server\jvm.dll
0x00007ffcc7cd0000 - 0x00007ffcc7d41000 	C:\WINDOWS\System32\WS2_32.dll
0x00007ffcc4590000 - 0x00007ffcc45dd000 	C:\WINDOWS\SYSTEM32\POWRPROF.dll
0x00007ffcba3c0000 - 0x00007ffcba3f4000 	C:\WINDOWS\SYSTEM32\WINMM.dll
0x00007ffcc4540000 - 0x00007ffcc4553000 	C:\WINDOWS\SYSTEM32\UMPDC.dll
0x00007ffcc4210000 - 0x00007ffcc4228000 	C:\WINDOWS\SYSTEM32\kernel.appcore.dll
0x00007ffc89cd0000 - 0x00007ffc89cda000 	C:\Program Files\Java\jdk-21\bin\jimage.dll
0x00007ffcb57f0000 - 0x00007ffcb5a23000 	C:\WINDOWS\SYSTEM32\DBGHELP.DLL
0x00007ffcc6190000 - 0x00007ffcc6518000 	C:\WINDOWS\System32\combase.dll
0x00007ffcc7ad0000 - 0x00007ffcc7ba7000 	C:\WINDOWS\System32\OLEAUT32.dll
0x00007ffcaf8f0000 - 0x00007ffcaf922000 	C:\WINDOWS\SYSTEM32\dbgcore.DLL
0x00007ffcc59c0000 - 0x00007ffcc5a39000 	C:\WINDOWS\System32\bcryptPrimitives.dll
0x00007ffc83600000 - 0x00007ffc8361f000 	C:\Program Files\Java\jdk-21\bin\java.dll
0x00007ffcc6910000 - 0x00007ffcc716c000 	C:\WINDOWS\System32\SHELL32.dll
0x00007ffcc3120000 - 0x00007ffcc3a19000 	C:\WINDOWS\SYSTEM32\windows.storage.dll
0x00007ffcc2fe0000 - 0x00007ffcc311e000 	C:\WINDOWS\SYSTEM32\wintypes.dll
0x00007ffcc5e60000 - 0x00007ffcc5f53000 	C:\WINDOWS\System32\SHCORE.dll
0x00007ffcc68a0000 - 0x00007ffcc68fe000 	C:\WINDOWS\System32\shlwapi.dll
0x00007ffcc5140000 - 0x00007ffcc5161000 	C:\WINDOWS\SYSTEM32\profapi.dll
0x00007ffc61d30000 - 0x00007ffc61e07000 	C:\Program Files\Java\jdk-21\bin\jsvml.dll
0x00007ffc83a20000 - 0x00007ffc83a30000 	C:\Program Files\Java\jdk-21\bin\net.dll
0x00007ffcbed10000 - 0x00007ffcbee46000 	C:\WINDOWS\SYSTEM32\WINHTTP.dll
0x00007ffcc4760000 - 0x00007ffcc47c9000 	C:\WINDOWS\system32\mswsock.dll
0x00007ffc81ef0000 - 0x00007ffc81f06000 	C:\Program Files\Java\jdk-21\bin\nio.dll
0x00007ffc7e400000 - 0x00007ffc7e418000 	C:\Program Files\Java\jdk-21\bin\zip.dll
0x00007ffc8e530000 - 0x00007ffc8e5ab000 	C:\Users\LWAbe\AppData\Local\Temp\lwjgl_LWAbe\3.3.3+5\x64\lwjgl.dll
0x00007ffc83b20000 - 0x00007ffc83b7e000 	C:\Users\LWAbe\AppData\Local\Temp\lwjgl_LWAbe\3.3.3+5\x64\lwjgl_opengl.dll
0x00007ffc7d8d0000 - 0x00007ffc7d9d0000 	C:\WINDOWS\SYSTEM32\opengl32.dll
0x00007ffcc24a0000 - 0x00007ffcc24cd000 	C:\WINDOWS\SYSTEM32\GLU32.dll
0x00007ffcc2840000 - 0x00007ffcc2879000 	C:\WINDOWS\SYSTEM32\dxcore.dll
0x00007ffc4fce0000 - 0x00007ffc4ff50000 	C:\Users\LWAbe\AppData\Local\Temp\lwjgl_LWAbe\3.3.3+5\x64\jemalloc.dll

dbghelp: loaded successfully - version: 4.0.5 - missing functions: none
symbol engine: initialized successfully - sym options: 0x614 - pdb path: .;C:\Program Files\Java\jdk-21\bin;C:\WINDOWS\SYSTEM32;C:\WINDOWS\WinSxS\amd64_microsoft.windows.common-controls_6595b64144ccf1df_6.0.22621.3235_none_270f74e173860f98;C:\Program Files\Java\jdk-21\bin\server;C:\Users\LWAbe\AppData\Local\Temp\lwjgl_LWAbe\3.3.3+5\x64

VM Arguments:
jvm_args: -Dfile.encoding=windows-1252 -Duser.country=US -Duser.language=en -Duser.variant 
java_command: org.main.Main
java_class_path (initial): Z:\Circuit-Verse\build\classes\java\main;Z:\Circuit-Verse\build\resources\main;Z:\Circuit-Verse\lib\slick-util3.jar;C:\Users\LWAbe\.gradle\caches\modules-2\files-2.1\com.github.tobiasrm\tinylog-coloredconsole\1.3.1\4a48afc078033221917d956f378a63a1a8722d80\tinylog-coloredconsole-1.3.1.jar;C:\Users\LWAbe\.gradle\caches\modules-2\files-2.1\org.tinylog\tinylog\1.3.1\e721e6313ed7e56eaab7c2321cb952510012cc56\tinylog-1.3.1.jar;C:\Users\LWAbe\.gradle\caches\modules-2\files-2.1\com.badlogicgames.gdx\gdx-platform\1.12.1\5737be5ce3a4e8f9f77c2d9ab95ab479f9c3705f\gdx-platform-1.12.1-natives-desktop.jar;C:\Users\LWAbe\.gradle\caches\modules-2\files-2.1\com.badlogicgames.gdx\gdx-backend-lwjgl3\1.12.1\12a144cacb34f0392cd8354f798d99e4836a51a8\gdx-backend-lwjgl3-1.12.1.jar;C:\Users\LWAbe\.gradle\caches\modules-2\files-2.1\games.rednblack.miniaudio\miniaudio\0.3\a7fd90e0e3735d6ff70dbc2beb0d5c36fb373e03\miniaudio-0.3.jar;C:\Users\LWAbe\.gradle\caches\modules-2\files-2.1\games.rednblack.miniaudio\miniaudio\0.3\eee706313a42201e761673076852299c4a6fa798\miniaudio-0.3-natives-desktop.jar;C:\Users\LWAbe\.gradle\caches\modules-2\files-2.1\org.reflections\reflections\0.10.2\b638d7ca0e0fe0146b60a0e7ba232ad852a73b31\reflections-0.10.2.jar;C:\Users\LWAbe\.gradle\caches\modules-2\files-2.1\org.lwjgl\lwjgl-opengl\3.3.3\2f6b0147078396a58979125a4c947664e98293a\lwjgl-opengl-3.3.3.jar;C:\Users\LWAbe\.gradle\caches\modules-2\files-2.1\org.lwjgl\lwjgl-opengl\3.3.3\62c70a4b00ca5391882b0f4b787c1588d24f1c86\lwjgl-opengl-3.3.3-natives-linux.jar;C:\Users\LWAbe\.gradle\caches\modules-2\files-2.1\org.lwjgl\lwjgl-opengl\3.3.3\dbba17fc5ac0985d14a57c11f9537617d67b9952\lwjgl-opengl-3.3.3-natives-linux-arm32.jar;C:\Users\LWAbe\.gradle\caches\modules-2\files-2.1\org.lwjgl\lwjgl-opengl\3.3.3\2096f6b94b2d68745d858fbfe53aacf5f0c8074c\lwjgl-opengl-3.3.3-natives-linux-arm64.jar;C:\Users\LWAbe\.gradle\caches\modules-2\files-2.1\org.lwjgl\lwjgl-opengl\3.3.3\1bd45997551ae8a28469f3a2b678f4b7289e12c0\lwjgl-opengl-3.3.3-natives-macos.jar;C:\Users\LWAbe\.gradle\caches\modules-2\files-2.1\org.lwjgl\lwjgl-opengl\3.3.3\d213ddef27637b1af87961ffa94d6b27036becc8\lwjgl-opengl-3.3.3-natives-macos-arm64.jar;C:\Users\LWAbe\.gradle\caches\modules-2\files-2.1\org.lwjgl\lwjgl-opengl\3.3.3\e6c1eec8be8a71951b830a4d69efc01c6531900c\lwjgl-opengl-3.3.3-natives-windows.jar;C:\Users\LWAbe\.gradle\caches\modules-2\files-2.1\org.lwjgl\lwjgl-opengl\3.3.3\d32d833dcaa2f355a886eaf21f0408b5f03241d\lwjgl-opengl-3.3.3-natives-windows-x86.jar;C:\Users\LWAbe\.gradle\caches\modules-2\files-2.1\org.lwjglx\lwjgl3-awt\0.1.8\245db5fbcece710ebceb0a0f200bf11333504e4\lwjgl3-awt-0.1.8.jar;C:\Users\LWAbe\.gradle\caches\modules-2\files-2.1\org.lwjgl\lwjgl-stb\3.3.3\25dd6161988d7e65f71d5065c99902402ee32746\lwjgl-stb-3.3.3.jar;C:\Users\LWAbe\.gradle\caches\modules-2\files-2.1\org.lwjgl\lwjgl-stb\3.3.3\fd1271ccd9d85eff2fa31f3fd543e02ccfaf5041\lwjgl-stb-3.3.3-natives-linux.jar;C:\Users\LWAbe\.gradle\caches\modules-2\files-2.1\org.lwjgl\lwjgl-stb\3.3.3\1ae28ff044699ff29b0e980ffabd73fba8a664b3\lwjgl-stb-3.3.3-natives-linux-arm32.jar;C:\Users\LWAbe\.gradle\caches\modules-2\files-2.1\org.lwjgl\lwjgl-stb\3.3.3\ddc177afc2be1ee8d93684b11363b80589a13fe1\lwjgl-stb-3.3.3-natives-linux-arm64.jar;C:\Users\LWAbe\.gradle\caches\modules-2\files-2.1\org.lwjgl\lwjgl-stb\3.3.3\472792c98fb2c1557c060cb9da5fca6a9773621f\lwjgl-stb-3.3.3-natives-macos.jar;C:\Users\LWAbe\.gradle\caches\modules-2\files-2.1\org.lwjgl\lwjgl-stb\3.3.3\51c6955571fbcdb7bb538c6aa589b953b584c6af\lwjgl-stb-3.3.3-natives-macos-arm64.jar;C:\Users\LWAbe\.gradle\caches\modules-2\files-2.1\org.lwjgl\lwjgl-stb\3.3.3\1d9facdf6541de114b0f963be33505b7679c78cb\lwjgl-stb-3.3.3-natives-windows.jar;C:\Users\LWAbe\.gradle\caches\modules-2\files-2.1\org.lwjgl\lwjgl-stb\3.3.3\b5c874687b9aac1a936501d4ed2c49567fd1b575\lwjgl-stb-3.3.3-natives-windows-x86.jar;C:\Users\LWAbe\.gradle\caches\modules-2\files-2.1\org.lwjgl\lwjgl-tinyfd\3.3.3\82d755ca94b102e9ca77283b9e2dc46d1b15fbe5\lwjgl-tinyfd-3.3.3.jar;C:\Users\LWAbe\.gradle\caches\modules-2\files-2.1\org.lwjgl\lwjgl-jemalloc\3.3.3\b543467b7ff3c6920539a88ee602d34098628be5\lwjgl-jemalloc-3.3.3.jar;C:\Users\LWAbe\.gradle\caches\modules-2\files-2.1\org.lwjgl\lwjgl-jemalloc\3.3.3\4f86728bf449b1dd61251c4e0ac01df1389cb51e\lwjgl-jemalloc-3.3.3-natives-linux.jar;C:\Users\LWAbe\.gradle\caches\modules-2\files-2.1\org.lwjgl\lwjgl-jemalloc\3.3.3\109b6931880d02d4e65ced38928a16e41d19873e\lwjgl-jemalloc-3.3.3-natives-linux-arm32.jar;C:\Users\LWAbe\.gradle\caches\modules-2\files-2.1\org.lwjgl\lwjgl-jemalloc\3.3.3\eff8b86798191192fe2cba2dc2776109f30c239d\lwjgl-jemalloc-3.3.3-natives-linux-arm64.jar;C:\Users\LWAbe\.gradle\caches\modules-2\files-2.1\org.lwjgl\lwjgl-jemalloc\3.3.3\2906637657a57579847238c9c72d2c4bde7083f8\lwjgl-jemalloc-3.3.3-natives-macos.jar;C:\Users\LWAbe\.gradle\caches\modules-2\files-2.1\org.lwjgl\lwjgl-jemalloc\3.3.3\e9412c3ff8cb3a3bad1d3f52909ad74d8a5bdad1\lwjgl-jemalloc-3.3.3-natives-macos-arm64.jar;C:\Users\LWAbe\.gradle\caches\modules-2\files-2.1\org.lwjgl\lwjgl-jemalloc\3.3.3\426222fc027602a5f21b9c0fe79cde6a4c7a011f\lwjgl-jemalloc-3.3.3-natives-windows.jar;C:\Users\LWAbe\.gradle\caches\modules-2\files-2.1\org.lwjgl\lwjgl-jemalloc\3.3.3\f6063b6e0f23be483c5c88d84ce51b39dc69126c\lwjgl-jemalloc-3.3.3-natives-windows-x86.jar;C:\Users\LWAbe\.gradle\caches\modules-2\files-2.1\org.lwjgl\lwjgl-glfw\3.3.3\efa1eb78c5ccd840e9f329717109b5e892d72f8e\lwjgl-glfw-3.3.3.jar;C:\Users\LWAbe\.gradle\caches\modules-2\files-2.1\org.lwjgl\lwjgl-glfw\3.3.3\a03684c5e4b1b1dbbe0d29dbbdc27b985b6840f2\lwjgl-glfw-3.3.3-natives-linux.jar;C:\Users\LWAbe\.gradle\caches\modules-2\files-2.1\org.lwjgl\lwjgl-glfw\3.3.3\d9af485c32545b37dd5359b163161d42d7534dcf\lwjgl-glfw-3.3.3-natives-linux-arm32.jar;C:\Users\LWAbe\.gradle\caches\modules-2\files-2.1\org.lwjgl\lwjgl-glfw\3.3.3\492a0f11f85b85899a6568f07511160c1b87cd38\lwjgl-glfw-3.3.3-natives-linux-arm64.jar;C:\Users\LWAbe\.gradle\caches\modules-2\files-2.1\org.lwjgl\lwjgl-glfw\3.3.3\a1bf400f6bc64e6195596cb1430dafda46090751\lwjgl-glfw-3.3.3-natives-macos.jar;C:\Users\LWAbe\.gradle\caches\modules-2\files-2.1\org.lwjgl\lwjgl-glfw\3.3.3\ee8cc78d0a4a5b3b4600fade6d927c9fc320c858\lwjgl-glfw-3.3.3-natives-macos-arm64.jar;C:\Users\LWAbe\.gradle\caches\modules-2\files-2.1\org.lwjgl\lwjgl-glfw\3.3.3\e449e28b4891fc423c54c85fbc5bb0b9efece67a\lwjgl-glfw-3.3.3-natives-windows.jar;C:\Users\LWAbe\.gradle\caches\modules-2\files-2.1\org.lwjgl\lwjgl-glfw\3.3.3\32334f3fd5270a59bad9939a93115acb6de36dcf\lwjgl-glfw-3.3.3-natives-windows-x86.jar;C:\Users\LWAbe\.gradle\caches\modules-2\files-2.1\org.lwjgl\lwjgl-openal\3.3.3\daada81ceb5fc0c291fbfdd4433cb8d9423577f2\lwjgl-openal-3.3.3.jar;C:\Users\LWAbe\.gradle\caches\modules-2\files-2.1\org.lwjgl\lwjgl-openal\3.3.3\3037360cc4595079bea240af250b6d1a527e0905\lwjgl-openal-3.3.3-natives-linux.jar;C:\Users\LWAbe\.gradle\caches\modules-2\files-2.1\org.lwjgl\lwjgl-openal\3.3.3\e1702aa09d20359d6cf5cb2999fa7685a785eca7\lwjgl-openal-3.3.3-natives-linux-arm32.jar;C:\Users\LWAbe\.gradle\caches\modules-2\files-2.1\org.lwjgl\lwjgl-openal\3.3.3\ad8f302118a65bb8d615f8a2a680db58fb8f835e\lwjgl-openal-3.3.3-natives-linux-arm64.jar;C:\Users\LWAbe\.gradle\caches\modules-2\files-2.1\org.lwjgl\lwjgl-openal\3.3.3\8df8338bfa77f2ebabef4e58964bd04d24805cbf\lwjgl-openal-3.3.3-natives-macos.jar;C:\Users\LWAbe\.gradle\caches\modules-2\files-2.1\org.lwjgl\lwjgl-openal\3.3.3\c78b078de2fb52f45aa55d04db889a560f3544f\lwjgl-openal-3.3.3-natives-macos-arm64.jar;C:\Users\LWAbe\.gradle\caches\modules-2\files-2.1\org.lwjgl\lwjgl-openal\3.3.3\cf83862ae95d98496b26915024c7e666d8ab1c8f\lwjgl-openal-3.3.3-natives-windows.jar;C:\Users\LWAbe\.gradle\caches\modules-2\files-2.1\org.lwjgl\lwjgl-openal\3.3.3\87b8d5050e3adb46bb58fe1cb2669a4a48fce10d\lwjgl-openal-3.3.3-natives-windows-x86.jar;C:\Users\LWAbe\.gradle\caches\modules-2\files-2.1\org.lwjgl\lwjgl-jawt\3.2.3\b93ceb43c55c28651e178af42e1f344e1e9d8bf3\lwjgl-jawt-3.2.3.jar;C:\Users\LWAbe\.gradle\caches\modules-2\files-2.1\org.lwjgl\lwjgl\3.3.3\29589b5f87ed335a6c7e7ee6a5775f81f97ecb84\lwjgl-3.3.3.jar;C:\Users\LWAbe\.gradle\caches\modules-2\files-2.1\org.lwjgl\lwjgl\3.3.3\1713758e3660ba66e1e954396fd18126038b33c0\lwjgl-3.3.3-natives-linux.jar;C:\Users\LWAbe\.gradle\caches\modules-2\files-2.1\org.lwjgl\lwjgl\3.3.3\2075c51a80f0ef0f22ba616ba54007ac2b0debd4\lwjgl-3.3.3-natives-linux-arm32.jar;C:\Users\LWAbe\.gradle\caches\modules-2\files-2.1\org.lwjgl\lwjgl\3.3.3\f35d8b6ffe1ac1e3a5eb1d4e33de80f044ad5fd8\lwjgl-3.3.3-natives-linux-arm64.jar;C:\Users\LWAbe\.gradle\caches\modules-2\files-2.1\org.lwjgl\lwjgl\3.3.3\33a6efa288390490ce6eb6c3df47ac21ecf648cf\lwjgl-3.3.3-natives-macos.jar;C:\Users\LWAbe\.gradle\caches\modules-2\files-2.1\org.lwjgl\lwjgl\3.3.3\226246e75f6bd8d4e1895bdce8638ef87808d114\lwjgl-3.3.3-natives-macos-arm64.jar;C:\Users\LWAbe\.gradle\caches\modules-2\files-2.1\org.lwjgl\lwjgl\3.3.3\a5ed18a2b82fc91b81f40d717cb1f64c9dcb0540\lwjgl-3.3.3-natives-windows.jar;C:\Users\LWAbe\.gradle\caches\modules-2\files-2.1\org.lwjgl\lwjgl\3.3.3\9e670718e050aeaeea0c2d5b907cffb142f2e58f\lwjgl-3.3.3-natives-windows-x86.jar;C:\Users\LWAbe\.gradle\caches\modules-2\files-2.1\com.badlogicgames.gdx\gdx\1.12.1\a2d066c09329c457045c284c42d6f37122840aa\gdx-1.12.1.jar;C:\Users\LWAbe\.gradle\caches\modules-2\files-2.1\com.badlogicgames.jlayer\jlayer\1.0.1-gdx\7cca83cec5c1b2f011362f4d85aabd71a73b049d\jlayer-1.0.1-gdx.jar;C:\Users\LWAbe\.gradle\caches\modules-2\files-2.1\org.jcraft\jorbis\0.0.17\8872d22b293e8f5d7d56ff92be966e6dc28ebdc6\jorbis-0.0.17.jar;C:\Users\LWAbe\.gradle\caches\modules-2\files-2.1\com.badlogicgames.gdx\gdx-jnigen-loader\2.3.1\2d472f69243631fbcb3d4c3f93dd2e137a6cb084\gdx-jnigen-loader-2.3.1.jar;C:\Users\LWAbe\.gradle\caches\modules-2\files-2.1\org.javassist\javassist\3.28.0-GA\9a958811a88381bb159cc2f5ed79c34a45c4af7a\javassist-3.28.0-GA.jar;C:\Users\LWAbe\.gradle\caches\modules-2\files-2.1\com.google.code.findbugs\jsr305\3.0.2\25ea2e8b0c338a877313bd4672d3fe056ea78f0d\jsr305-3.0.2.jar;C:\Users\LWAbe\.gradle\caches\modules-2\files-2.1\org.slf4j\slf4j-api\1.7.32\cdcff33940d9f2de763bc41ea05a0be5941176c3\slf4j-api-1.7.32.jar
Launcher Type: SUN_STANDARD

[Global flags]
     intx CICompilerCount                          = 4                                         {product} {ergonomic}
     uint ConcGCThreads                            = 3                                         {product} {ergonomic}
     uint G1ConcRefinementThreads                  = 10                                        {product} {ergonomic}
   size_t G1HeapRegionSize                         = 8388608                                   {product} {ergonomic}
    uintx GCDrainStackTargetSize                   = 64                                        {product} {ergonomic}
   size_t InitialHeapSize                          = 671088640                                 {product} {ergonomic}
   size_t MarkStackSize                            = 4194304                                   {product} {ergonomic}
   size_t MaxHeapSize                              = 10720641024                               {product} {ergonomic}
   size_t MaxNewSize                               = 6425673728                                {product} {ergonomic}
   size_t MinHeapDeltaBytes                        = 8388608                                   {product} {ergonomic}
   size_t MinHeapSize                              = 8388608                                   {product} {ergonomic}
    uintx NonNMethodCodeHeapSize                   = 5839372                                {pd product} {ergonomic}
    uintx NonProfiledCodeHeapSize                  = 122909434                              {pd product} {ergonomic}
    uintx ProfiledCodeHeapSize                     = 122909434                              {pd product} {ergonomic}
    uintx ReservedCodeCacheSize                    = 251658240                              {pd product} {ergonomic}
     bool SegmentedCodeCache                       = true                                      {product} {ergonomic}
   size_t SoftMaxHeapSize                          = 10720641024                            {manageable} {ergonomic}
     bool UseCompressedOops                        = true                           {product lp64_product} {ergonomic}
     bool UseG1GC                                  = true                                      {product} {ergonomic}
     bool UseLargePagesIndividualAllocation        = false                                  {pd product} {ergonomic}

Logging:
Log output configuration:
 #0: stdout all=warning uptime,level,tags foldmultilines=false
 #1: stderr all=off uptime,level,tags foldmultilines=false

Environment Variables:
JAVA_HOME=C:\Program Files\Java\jdk-21
PATH=C:\Program Files (x86)\Razer Chroma SDK\bin;C:\Program Files\Razer Chroma SDK\bin;C:\Program Files\Python311\Scripts\;C:\Program Files\Python311\;C:\Program Files\Common Files\Oracle\Java\javapath;C:\Program Files (x86)\Common Files\Oracle\Java\javapath;C:\WINDOWS\system32;C:\WINDOWS;C:\WINDOWS\System32\Wbem;C:\WINDOWS\System32\WindowsPowerShell\v1.0\;C:\WINDOWS\System32\OpenSSH\;C:\Program Files (x86)\NVIDIA Corporation\PhysX\Common;C:\Program Files\NVIDIA Corporation\NVIDIA NvDLISR;C:\Program Files\dotnet\;C:\Program Files\Java\jdk-20\bin;C:\Program Files\nodejs\;C:\Gradle\gradle-8.6\bin;C:\ProgramData\chocolatey\bin;C:\Program Files\Docker\Docker\resources\bin;C:\Program Files\Kotlin\kotlinc\bin;C:\Program Files\Go\bin;C:\Users\LWAbe\AppData\Local\bin\NASM;C:\Program Files\cdrtools;C:\Program Files (x86)\Windows Kits\10\Windows Performance Toolkit\;C:\Program Files\Java\jdk-21\bin;C:\Program Files\Git\cmd;C:\WINDOWS\system32\config\systemprofile\AppData\Local\Microsoft\WindowsApps;C:\Program Files (x86)\Razer\ChromaBroadcast\bin;C:\Program Files\Razer\ChromaBroadcast\bin;C:\Users\LWAbe\AppData\Local\Microsoft\WindowsApps;C:\Users\LWAbe\go\bin;C:\Users\LWAbe\.dotnet\tools;C:\Program Files\JetBrains\IntelliJ IDEA Community Edition 2023.1.1\bin;C:\Users\LWAbe\AppData\Local\Microsoft\WindowsApps;C:\Users\LWAbe\AppData\Roaming\npm;C:\Users\LWAbe\go\bin;C:\tools\neovim\nvim-win64\bin;C:\Program Files\LLVM\bin;C:\ProgramData\mingw64\mingw64\bin;C:\tools\msys64;C:\Program Files\CMake\bin;C:\Program Files\Neovim\bin;C:\Users\LWAbe\AppData\Local\Microsoft\WindowsApps;C:\Users\LWAbe\go\bin;C:\Users\LWAbe\.dotnet\tools;C:\Program Files\JetBrains\IntelliJ IDEA Community Edition 2023.1.1\bin;;C:\Users\LWAbe\AppData\Local\Microsoft\WindowsApps;C:\Users\LWAbe\AppData\Roaming\npm;C:\Users\LWAbe\go\bin;C:\tools\neovim\nvim-win64\bin;C:\Program Files\LLVM\bin;C:\ProgramData\mingw64\mingw64\bin;C:\tools\msys64;C:\Program Files\CMake\bin;C:\Program Files\Neovim\bin
USERNAME=LWAbe
OS=Windows_NT
PROCESSOR_IDENTIFIER=AMD64 Family 23 Model 113 Stepping 0, AuthenticAMD
TMP=C:\Users\LWAbe\AppData\Local\Temp
TEMP=C:\Users\LWAbe\AppData\Local\Temp




Periodic native trim disabled

---------------  S Y S T E M  ---------------

OS:
 Windows 11 , 64 bit Build 22621 (10.0.22621.3374)
OS uptime: 2 days 3:33 hours
Hyper-V role detected

CPU: total 12 (initial active 12) (12 cores per cpu, 2 threads per core) family 23 model 113 stepping 0 microcode 0x0, cx8, cmov, fxsr, ht, mmx, 3dnowpref, sse, sse2, sse3, ssse3, sse4a, sse4.1, sse4.2, popcnt, lzcnt, tsc, tscinvbit, avx, avx2, aes, clmul, bmi1, bmi2, adx, sha, fma, vzeroupper, clflush, clflushopt, hv, rdtscp, rdpid, f16c
Processor Information for all 12 processors :
  Max Mhz: 3801, Current Mhz: 3801, Mhz Limit: 3801

Memory: 4k page, system-wide physical 40881M (23841M free)
TotalPageFile size 50609M (AvailPageFile size 23459M)
current process WorkingSet (physical memory assigned to process): 54M, peak: 54M
current process commit charge ("private bytes"): 753M, peak: 753M

vm_info: Java HotSpot(TM) 64-Bit Server VM (21.0.1+12-LTS-29) for windows-amd64 JRE (21.0.1+12-LTS-29), built on 2023-10-05T13:27:09Z by "mach5one" with MS VC++ 17.1 (VS2022)

END.
